{"numFailedTestSuites":0,"numFailedTests":0,"numPassedTestSuites":3,"numPassedTests":18,"numPendingTestSuites":0,"numPendingTests":0,"numRuntimeErrorTestSuites":0,"numTotalTestSuites":3,"numTotalTests":18,"snapshot":{"added":0,"failure":false,"filesAdded":0,"filesRemoved":0,"filesUnmatched":0,"filesUpdated":0,"matched":0,"total":0,"unchecked":0,"unmatched":0,"updated":0},"startTime":1494081266703,"success":true,"testResults":[{"message":"","name":"/Users/sgottreu/Sites/dungeoneering/dungeon-maker/src/reducers/powers-reducer.test.js","summary":"","status":"passed","startTime":1494081267311,"endTime":1494081267584,"assertionResults":[{"status":"passed","title":"state returned if Action is not passed","failureMessages":[]},{"status":"passed","title":"existingPowers should be empty","failureMessages":[]},{"status":"passed","title":"existingPowers should be an array","failureMessages":[]},{"status":"passed","title":"existingPowers should have length of 2","failureMessages":[]},{"status":"passed","title":"Element[0]._id should equal 123","failureMessages":[]}]},{"message":"","name":"/Users/sgottreu/Sites/dungeoneering/dungeon-maker/src/App.test.js","summary":"","status":"passed","startTime":1494081267597,"endTime":1494081267621,"assertionResults":[{"status":"passed","title":"renders without crashing","failureMessages":[]}]},{"message":"","name":"/Users/sgottreu/Sites/dungeoneering/dungeon-maker/src/actions/powers-actions.test.js","summary":"","status":"passed","startTime":1494081267627,"endTime":1494081267681,"assertionResults":[{"status":"passed","title":"should exist","failureMessages":[]},{"status":"passed","title":"should equal LOAD_EXISTING_POWERS","failureMessages":[]},{"status":"passed","title":"should be an Array()","failureMessages":[]},{"status":"passed","title":"should be an object","failureMessages":[]},{"status":"passed","title":"should exist","failureMessages":[]},{"status":"passed","title":"should equal = ADD_TO_POWERS","failureMessages":[]},{"status":"passed","title":"should be an Object()","failureMessages":[]},{"status":"passed","title":"should be an object","failureMessages":[]},{"status":"passed","title":"should exist","failureMessages":[]},{"status":"passed","title":"should equal = RESET_CURRENT_POWER","failureMessages":[]},{"status":"passed","title":"should be an Object()","failureMessages":[]},{"status":"passed","title":"should be an object","failureMessages":[]}]}],"wasInterrupted":false,"coverageMap":{"/Users/sgottreu/Sites/dungeoneering/dungeon-maker/src/actions/action-types.js":{"path":"/Users/sgottreu/Sites/dungeoneering/dungeon-maker/src/actions/action-types.js","statementMap":{"0":{"start":{"line":2,"column":36},"end":{"line":2,"column":58}},"1":{"start":{"line":3,"column":29},"end":{"line":3,"column":44}},"2":{"start":{"line":4,"column":35},"end":{"line":4,"column":56}},"3":{"start":{"line":5,"column":36},"end":{"line":5,"column":58}},"4":{"start":{"line":6,"column":31},"end":{"line":6,"column":48}},"5":{"start":{"line":7,"column":33},"end":{"line":7,"column":52}},"6":{"start":{"line":8,"column":35},"end":{"line":8,"column":56}},"7":{"start":{"line":9,"column":26},"end":{"line":9,"column":38}},"8":{"start":{"line":10,"column":29},"end":{"line":10,"column":44}}},"fnMap":{},"branchMap":{},"s":{"0":2,"1":2,"2":2,"3":2,"4":2,"5":2,"6":2,"7":2,"8":2},"f":{},"b":{},"_coverageSchema":"332fd63041d2c1bcb487cc26dd0d5f7d97098a6c","hash":"1d1b62417083bdc5fd1a33f8bd7987831cd9531f"},"/Users/sgottreu/Sites/dungeoneering/dungeon-maker/src/lib/Variables.js":{"path":"/Users/sgottreu/Sites/dungeoneering/dungeon-maker/src/lib/Variables.js","statementMap":{"0":{"start":{"line":2,"column":0},"end":{"line":6,"column":1}},"1":{"start":{"line":3,"column":2},"end":{"line":3,"column":33}},"2":{"start":{"line":5,"column":2},"end":{"line":5,"column":47}},"3":{"start":{"line":8,"column":23},"end":{"line":41,"column":1}},"4":{"start":{"line":11,"column":2},"end":{"line":11,"column":70}},"5":{"start":{"line":14,"column":14},"end":{"line":14,"column":42}},"6":{"start":{"line":15,"column":3},"end":{"line":15,"column":71}},"7":{"start":{"line":15,"column":53},"end":{"line":15,"column":67}},"8":{"start":{"line":18,"column":6},"end":{"line":18,"column":117}},"9":{"start":{"line":18,"column":49},"end":{"line":18,"column":114}},"10":{"start":{"line":21,"column":18},"end":{"line":21,"column":32}},"11":{"start":{"line":22,"column":4},"end":{"line":22,"column":29}},"12":{"start":{"line":23,"column":4},"end":{"line":23,"column":36}},"13":{"start":{"line":24,"column":4},"end":{"line":24,"column":15}},"14":{"start":{"line":27,"column":4},"end":{"line":27,"column":33}},"15":{"start":{"line":30,"column":26},"end":{"line":30,"column":50}},"16":{"start":{"line":31,"column":19},"end":{"line":31,"column":24}},"17":{"start":{"line":33,"column":4},"end":{"line":35,"column":5}},"18":{"start":{"line":34,"column":6},"end":{"line":34,"column":22}},"19":{"start":{"line":37,"column":4},"end":{"line":37,"column":55}},"20":{"start":{"line":38,"column":4},"end":{"line":38,"column":25}},"21":{"start":{"line":39,"column":4},"end":{"line":39,"column":27}}},"fnMap":{"0":{"name":"(anonymous_0)","decl":{"start":{"line":10,"column":9},"end":{"line":10,"column":10}},"loc":{"start":{"line":10,"column":19},"end":{"line":12,"column":3}}},"1":{"name":"(anonymous_1)","decl":{"start":{"line":13,"column":10},"end":{"line":13,"column":11}},"loc":{"start":{"line":13,"column":23},"end":{"line":16,"column":2}}},"2":{"name":"(anonymous_2)","decl":{"start":{"line":15,"column":34},"end":{"line":15,"column":35}},"loc":{"start":{"line":15,"column":51},"end":{"line":15,"column":69}}},"3":{"name":"(anonymous_3)","decl":{"start":{"line":17,"column":16},"end":{"line":17,"column":17}},"loc":{"start":{"line":17,"column":31},"end":{"line":19,"column":3}}},"4":{"name":"(anonymous_4)","decl":{"start":{"line":18,"column":35},"end":{"line":18,"column":36}},"loc":{"start":{"line":18,"column":48},"end":{"line":18,"column":115}}},"5":{"name":"(anonymous_5)","decl":{"start":{"line":20,"column":13},"end":{"line":20,"column":14}},"loc":{"start":{"line":20,"column":47},"end":{"line":25,"column":3}}},"6":{"name":"(anonymous_6)","decl":{"start":{"line":26,"column":17},"end":{"line":26,"column":18}},"loc":{"start":{"line":26,"column":34},"end":{"line":28,"column":3}}},"7":{"name":"(anonymous_7)","decl":{"start":{"line":29,"column":22},"end":{"line":29,"column":23}},"loc":{"start":{"line":29,"column":51},"end":{"line":40,"column":3}}}},"branchMap":{"0":{"loc":{"start":{"line":2,"column":0},"end":{"line":6,"column":1}},"type":"if","locations":[{"start":{"line":2,"column":0},"end":{"line":6,"column":1}},{"start":{"line":2,"column":0},"end":{"line":6,"column":1}}]},"1":{"loc":{"start":{"line":2,"column":3},"end":{"line":2,"column":95}},"type":"binary-expr","locations":[{"start":{"line":2,"column":3},"end":{"line":2,"column":24}},{"start":{"line":2,"column":28},"end":{"line":2,"column":53}},{"start":{"line":2,"column":57},"end":{"line":2,"column":95}}]},"2":{"loc":{"start":{"line":11,"column":9},"end":{"line":11,"column":69}},"type":"cond-expr","locations":[{"start":{"line":11,"column":32},"end":{"line":11,"column":34}},{"start":{"line":11,"column":37},"end":{"line":11,"column":69}}]},"3":{"loc":{"start":{"line":29,"column":35},"end":{"line":29,"column":46}},"type":"default-arg","locations":[{"start":{"line":29,"column":41},"end":{"line":29,"column":46}}]},"4":{"loc":{"start":{"line":33,"column":4},"end":{"line":35,"column":5}},"type":"if","locations":[{"start":{"line":33,"column":4},"end":{"line":35,"column":5}},{"start":{"line":33,"column":4},"end":{"line":35,"column":5}}]},"5":{"loc":{"start":{"line":37,"column":26},"end":{"line":37,"column":54}},"type":"cond-expr","locations":[{"start":{"line":37,"column":39},"end":{"line":37,"column":44}},{"start":{"line":37,"column":47},"end":{"line":37,"column":54}}]}},"s":{"0":1,"1":0,"2":1,"3":1,"4":2,"5":0,"6":0,"7":0,"8":0,"9":0,"10":0,"11":0,"12":0,"13":0,"14":0,"15":0,"16":0,"17":0,"18":0,"19":0,"20":0,"21":0},"f":{"0":2,"1":0,"2":0,"3":0,"4":0,"5":0,"6":0,"7":0},"b":{"0":[0,1],"1":[1,1,1],"2":[0,2],"3":[0],"4":[0,0],"5":[0,0]},"_coverageSchema":"332fd63041d2c1bcb487cc26dd0d5f7d97098a6c","hash":"b2e6e9a9d32a1f3975dfc91fc1351c1437c2ff14"},"/Users/sgottreu/Sites/dungeoneering/dungeon-maker/src/components/_Powers.js":{"path":"/Users/sgottreu/Sites/dungeoneering/dungeon-maker/src/components/_Powers.js","statementMap":{"0":{"start":{"line":4,"column":27},"end":{"line":23,"column":1}},"1":{"start":{"line":27,"column":0},"end":{"line":27,"column":38}},"2":{"start":{"line":29,"column":0},"end":{"line":34,"column":2}},"3":{"start":{"line":36,"column":0},"end":{"line":41,"column":2}},"4":{"start":{"line":43,"column":0},"end":{"line":48,"column":2}},"5":{"start":{"line":49,"column":0},"end":{"line":55,"column":2}},"6":{"start":{"line":50,"column":2},"end":{"line":54,"column":5}},"7":{"start":{"line":52,"column":4},"end":{"line":52,"column":42}},"8":{"start":{"line":53,"column":4},"end":{"line":53,"column":34}},"9":{"start":{"line":56,"column":0},"end":{"line":64,"column":2}},"10":{"start":{"line":57,"column":2},"end":{"line":63,"column":5}},"11":{"start":{"line":59,"column":4},"end":{"line":59,"column":38}},"12":{"start":{"line":61,"column":4},"end":{"line":61,"column":34}},"13":{"start":{"line":62,"column":4},"end":{"line":62,"column":34}},"14":{"start":{"line":66,"column":0},"end":{"line":69,"column":2}},"15":{"start":{"line":67,"column":14},"end":{"line":67,"column":67}},"16":{"start":{"line":67,"column":43},"end":{"line":67,"column":64}},"17":{"start":{"line":68,"column":2},"end":{"line":68,"column":15}}},"fnMap":{"0":{"name":"(anonymous_0)","decl":{"start":{"line":49,"column":21},"end":{"line":49,"column":22}},"loc":{"start":{"line":49,"column":32},"end":{"line":55,"column":1}}},"1":{"name":"(anonymous_1)","decl":{"start":{"line":51,"column":8},"end":{"line":51,"column":9}},"loc":{"start":{"line":51,"column":15},"end":{"line":54,"column":3}}},"2":{"name":"(anonymous_2)","decl":{"start":{"line":56,"column":20},"end":{"line":56,"column":21}},"loc":{"start":{"line":56,"column":31},"end":{"line":64,"column":1}}},"3":{"name":"(anonymous_3)","decl":{"start":{"line":58,"column":8},"end":{"line":58,"column":9}},"loc":{"start":{"line":58,"column":15},"end":{"line":63,"column":3}}},"4":{"name":"(anonymous_4)","decl":{"start":{"line":66,"column":21},"end":{"line":66,"column":22}},"loc":{"start":{"line":66,"column":37},"end":{"line":69,"column":1}}},"5":{"name":"(anonymous_5)","decl":{"start":{"line":67,"column":27},"end":{"line":67,"column":28}},"loc":{"start":{"line":67,"column":41},"end":{"line":67,"column":66}}}},"branchMap":{},"s":{"0":1,"1":1,"2":1,"3":1,"4":1,"5":1,"6":0,"7":0,"8":0,"9":1,"10":0,"11":0,"12":0,"13":0,"14":1,"15":0,"16":0,"17":0},"f":{"0":0,"1":0,"2":0,"3":0,"4":0,"5":0},"b":{},"_coverageSchema":"332fd63041d2c1bcb487cc26dd0d5f7d97098a6c","hash":"cd6e7334120a6bed5303ec5676bf5ee2b4b98251"},"/Users/sgottreu/Sites/dungeoneering/dungeon-maker/src/lib/Die.js":{"path":"/Users/sgottreu/Sites/dungeoneering/dungeon-maker/src/lib/Die.js","statementMap":{"0":{"start":{"line":1,"column":17},"end":{"line":8,"column":1}},"1":{"start":{"line":10,"column":21},"end":{"line":19,"column":1}},"2":{"start":{"line":11,"column":14},"end":{"line":11,"column":16}},"3":{"start":{"line":13,"column":2},"end":{"line":15,"column":3}},"4":{"start":{"line":14,"column":4},"end":{"line":14,"column":59}},"5":{"start":{"line":16,"column":15},"end":{"line":16,"column":44}},"6":{"start":{"line":18,"column":2},"end":{"line":18,"column":16}},"7":{"start":{"line":24,"column":4},"end":{"line":26,"column":7}},"8":{"start":{"line":25,"column":8},"end":{"line":25,"column":21}},"9":{"start":{"line":28,"column":17},"end":{"line":28,"column":50}},"10":{"start":{"line":29,"column":4},"end":{"line":33,"column":5}},"11":{"start":{"line":30,"column":8},"end":{"line":30,"column":28}},"12":{"start":{"line":32,"column":8},"end":{"line":32,"column":69}}},"fnMap":{"0":{"name":"(anonymous_0)","decl":{"start":{"line":10,"column":21},"end":{"line":10,"column":22}},"loc":{"start":{"line":10,"column":33},"end":{"line":19,"column":1}}},"1":{"name":"findMedian","decl":{"start":{"line":21,"column":9},"end":{"line":21,"column":19}},"loc":{"start":{"line":21,"column":26},"end":{"line":34,"column":1}}},"2":{"name":"(anonymous_2)","decl":{"start":{"line":24,"column":14},"end":{"line":24,"column":15}},"loc":{"start":{"line":24,"column":29},"end":{"line":26,"column":5}}}},"branchMap":{"0":{"loc":{"start":{"line":29,"column":4},"end":{"line":33,"column":5}},"type":"if","locations":[{"start":{"line":29,"column":4},"end":{"line":33,"column":5}},{"start":{"line":29,"column":4},"end":{"line":33,"column":5}}]}},"s":{"0":1,"1":1,"2":0,"3":0,"4":0,"5":0,"6":0,"7":0,"8":0,"9":0,"10":0,"11":0,"12":0},"f":{"0":0,"1":0,"2":0},"b":{"0":[0,0]},"_coverageSchema":"332fd63041d2c1bcb487cc26dd0d5f7d97098a6c","hash":"606c0f1e92854b13c10a68b37f5a3501e3f13254"},"/Users/sgottreu/Sites/dungeoneering/dungeon-maker/src/reducers/powers-reducer.js":{"path":"/Users/sgottreu/Sites/dungeoneering/dungeon-maker/src/reducers/powers-reducer.js","statementMap":{"0":{"start":{"line":6,"column":21},"end":{"line":10,"column":1}},"1":{"start":{"line":12,"column":22},"end":{"line":107,"column":1}},"2":{"start":{"line":13,"column":14},"end":{"line":13,"column":19}},"3":{"start":{"line":14,"column":15},"end":{"line":14,"column":20}},"4":{"start":{"line":15,"column":22},"end":{"line":15,"column":27}},"5":{"start":{"line":17,"column":2},"end":{"line":19,"column":3}},"6":{"start":{"line":18,"column":4},"end":{"line":18,"column":17}},"7":{"start":{"line":21,"column":2},"end":{"line":103,"column":3}},"8":{"start":{"line":23,"column":6},"end":{"line":25,"column":9}},"9":{"start":{"line":28,"column":6},"end":{"line":28,"column":45}},"10":{"start":{"line":29,"column":6},"end":{"line":35,"column":7}},"11":{"start":{"line":30,"column":8},"end":{"line":30,"column":47}},"12":{"start":{"line":31,"column":8},"end":{"line":31,"column":30}},"13":{"start":{"line":33,"column":8},"end":{"line":33,"column":70}},"14":{"start":{"line":34,"column":8},"end":{"line":34,"column":37}},"15":{"start":{"line":37,"column":6},"end":{"line":40,"column":9}},"16":{"start":{"line":43,"column":6},"end":{"line":43,"column":53}},"17":{"start":{"line":44,"column":6},"end":{"line":49,"column":7}},"18":{"start":{"line":45,"column":17},"end":{"line":45,"column":83}},"19":{"start":{"line":45,"column":48},"end":{"line":45,"column":81}},"20":{"start":{"line":46,"column":8},"end":{"line":46,"column":34}},"21":{"start":{"line":48,"column":8},"end":{"line":48,"column":34}},"22":{"start":{"line":51,"column":6},"end":{"line":53,"column":9}},"23":{"start":{"line":56,"column":6},"end":{"line":56,"column":43}},"24":{"start":{"line":57,"column":6},"end":{"line":57,"column":24}},"25":{"start":{"line":59,"column":6},"end":{"line":62,"column":9}},"26":{"start":{"line":65,"column":6},"end":{"line":65,"column":43}},"27":{"start":{"line":66,"column":6},"end":{"line":66,"column":49}},"28":{"start":{"line":68,"column":6},"end":{"line":70,"column":9}},"29":{"start":{"line":73,"column":6},"end":{"line":73,"column":43}},"30":{"start":{"line":74,"column":6},"end":{"line":74,"column":41}},"31":{"start":{"line":76,"column":6},"end":{"line":78,"column":9}},"32":{"start":{"line":81,"column":6},"end":{"line":81,"column":43}},"33":{"start":{"line":82,"column":6},"end":{"line":82,"column":46}},"34":{"start":{"line":84,"column":6},"end":{"line":86,"column":9}},"35":{"start":{"line":89,"column":6},"end":{"line":89,"column":43}},"36":{"start":{"line":90,"column":6},"end":{"line":90,"column":41}},"37":{"start":{"line":92,"column":6},"end":{"line":94,"column":9}},"38":{"start":{"line":97,"column":6},"end":{"line":97,"column":43}},"39":{"start":{"line":98,"column":6},"end":{"line":98,"column":48}},"40":{"start":{"line":100,"column":6},"end":{"line":102,"column":9}},"41":{"start":{"line":105,"column":2},"end":{"line":105,"column":15}}},"fnMap":{"0":{"name":"(anonymous_0)","decl":{"start":{"line":12,"column":22},"end":{"line":12,"column":23}},"loc":{"start":{"line":12,"column":61},"end":{"line":107,"column":1}}},"1":{"name":"(anonymous_1)","decl":{"start":{"line":45,"column":34},"end":{"line":45,"column":35}},"loc":{"start":{"line":45,"column":46},"end":{"line":45,"column":82}}}},"branchMap":{"0":{"loc":{"start":{"line":12,"column":31},"end":{"line":12,"column":51}},"type":"default-arg","locations":[{"start":{"line":12,"column":39},"end":{"line":12,"column":51}}]},"1":{"loc":{"start":{"line":17,"column":2},"end":{"line":19,"column":3}},"type":"if","locations":[{"start":{"line":17,"column":2},"end":{"line":19,"column":3}},{"start":{"line":17,"column":2},"end":{"line":19,"column":3}}]},"2":{"loc":{"start":{"line":21,"column":2},"end":{"line":103,"column":3}},"type":"switch","locations":[{"start":{"line":22,"column":4},"end":{"line":25,"column":9}},{"start":{"line":27,"column":4},"end":{"line":40,"column":9}},{"start":{"line":42,"column":4},"end":{"line":53,"column":9}},{"start":{"line":55,"column":4},"end":{"line":62,"column":9}},{"start":{"line":64,"column":4},"end":{"line":70,"column":9}},{"start":{"line":72,"column":4},"end":{"line":78,"column":9}},{"start":{"line":80,"column":4},"end":{"line":86,"column":9}},{"start":{"line":88,"column":4},"end":{"line":94,"column":9}},{"start":{"line":96,"column":4},"end":{"line":102,"column":9}}]},"3":{"loc":{"start":{"line":29,"column":6},"end":{"line":35,"column":7}},"type":"if","locations":[{"start":{"line":29,"column":6},"end":{"line":35,"column":7}},{"start":{"line":29,"column":6},"end":{"line":35,"column":7}}]},"4":{"loc":{"start":{"line":44,"column":6},"end":{"line":49,"column":7}},"type":"if","locations":[{"start":{"line":44,"column":6},"end":{"line":49,"column":7}},{"start":{"line":44,"column":6},"end":{"line":49,"column":7}}]},"5":{"loc":{"start":{"line":44,"column":9},"end":{"line":44,"column":69}},"type":"binary-expr","locations":[{"start":{"line":44,"column":9},"end":{"line":44,"column":39}},{"start":{"line":44,"column":43},"end":{"line":44,"column":69}}]}},"s":{"0":1,"1":1,"2":3,"3":3,"4":3,"5":3,"6":2,"7":1,"8":1,"9":0,"10":0,"11":0,"12":0,"13":0,"14":0,"15":0,"16":0,"17":0,"18":0,"19":0,"20":0,"21":0,"22":0,"23":0,"24":0,"25":0,"26":0,"27":0,"28":0,"29":0,"30":0,"31":0,"32":0,"33":0,"34":0,"35":0,"36":0,"37":0,"38":0,"39":0,"40":0,"41":0},"f":{"0":3,"1":0},"b":{"0":[2],"1":[2,1],"2":[1,0,0,0,0,0,0,0,0],"3":[0,0],"4":[0,0],"5":[0,0]},"_coverageSchema":"332fd63041d2c1bcb487cc26dd0d5f7d97098a6c","hash":"6de1edd6c9c3951f4628b70784d767f430deee7e"},"/Users/sgottreu/Sites/dungeoneering/dungeon-maker/src/actions/powers-actions.js":{"path":"/Users/sgottreu/Sites/dungeoneering/dungeon-maker/src/actions/powers-actions.js","statementMap":{"0":{"start":{"line":4,"column":2},"end":{"line":7,"column":4}},"1":{"start":{"line":11,"column":2},"end":{"line":14,"column":4}},"2":{"start":{"line":18,"column":2},"end":{"line":21,"column":4}},"3":{"start":{"line":25,"column":2},"end":{"line":28,"column":4}},"4":{"start":{"line":32,"column":2},"end":{"line":35,"column":4}},"5":{"start":{"line":39,"column":2},"end":{"line":42,"column":4}},"6":{"start":{"line":46,"column":2},"end":{"line":49,"column":4}},"7":{"start":{"line":53,"column":2},"end":{"line":57,"column":4}},"8":{"start":{"line":61,"column":2},"end":{"line":65,"column":4}}},"fnMap":{"0":{"name":"loadExistingPowers","decl":{"start":{"line":3,"column":16},"end":{"line":3,"column":34}},"loc":{"start":{"line":3,"column":43},"end":{"line":8,"column":1}}},"1":{"name":"addToPowers","decl":{"start":{"line":10,"column":16},"end":{"line":10,"column":27}},"loc":{"start":{"line":10,"column":35},"end":{"line":15,"column":1}}},"2":{"name":"resetCurrentPower","decl":{"start":{"line":17,"column":16},"end":{"line":17,"column":33}},"loc":{"start":{"line":17,"column":41},"end":{"line":22,"column":1}}},"3":{"name":"changeCurrentPower","decl":{"start":{"line":24,"column":16},"end":{"line":24,"column":34}},"loc":{"start":{"line":24,"column":42},"end":{"line":29,"column":1}}},"4":{"name":"changeDieType","decl":{"start":{"line":31,"column":16},"end":{"line":31,"column":29}},"loc":{"start":{"line":31,"column":37},"end":{"line":36,"column":1}}},"5":{"name":"changeDieNumber","decl":{"start":{"line":38,"column":16},"end":{"line":38,"column":31}},"loc":{"start":{"line":38,"column":42},"end":{"line":43,"column":1}}},"6":{"name":"changeDieModifier","decl":{"start":{"line":45,"column":16},"end":{"line":45,"column":33}},"loc":{"start":{"line":45,"column":44},"end":{"line":50,"column":1}}},"7":{"name":"updateKey","decl":{"start":{"line":52,"column":16},"end":{"line":52,"column":25}},"loc":{"start":{"line":52,"column":38},"end":{"line":58,"column":1}}},"8":{"name":"updateAttack","decl":{"start":{"line":60,"column":16},"end":{"line":60,"column":28}},"loc":{"start":{"line":60,"column":41},"end":{"line":66,"column":1}}}},"branchMap":{},"s":{"0":0,"1":0,"2":0,"3":0,"4":0,"5":0,"6":0,"7":0,"8":0},"f":{"0":0,"1":0,"2":0,"3":0,"4":0,"5":0,"6":0,"7":0,"8":0},"b":{},"_coverageSchema":"332fd63041d2c1bcb487cc26dd0d5f7d97098a6c","hash":"f92658bf1e0bb1532412976a5821067bb2798d6d"},"/Users/sgottreu/Sites/dungeoneering/dungeon-maker/src/api/powers-api.js":{"path":"/Users/sgottreu/Sites/dungeoneering/dungeon-maker/src/api/powers-api.js","statementMap":{"0":{"start":{"line":1,"column":39},"end":{"line":1,"column":101}},"1":{"start":{"line":1,"column":101},"end":{"line":1,"column":152}},"2":{"start":{"line":6,"column":43},"end":{"line":11,"column":1}},"3":{"start":{"line":12,"column":42},"end":{"line":18,"column":1}}},"fnMap":{"0":{"name":"(anonymous_0)","decl":{"start":{"line":6,"column":64},"end":{"line":6,"column":65}},"loc":{"start":{"line":6,"column":70},"end":{"line":11,"column":1}}},"1":{"name":"(anonymous_1)","decl":{"start":{"line":12,"column":62},"end":{"line":12,"column":63}},"loc":{"start":{"line":12,"column":71},"end":{"line":18,"column":1}}}},"branchMap":{},"s":{"0":0,"1":0,"2":0,"3":0},"f":{"0":0,"1":0},"b":{}},"/Users/sgottreu/Sites/dungeoneering/dungeon-maker/src/App.js":{"path":"/Users/sgottreu/Sites/dungeoneering/dungeon-maker/src/App.js","statementMap":{"0":{"start":{"line":1,"column":39},"end":{"line":1,"column":101}},"1":{"start":{"line":1,"column":120},"end":{"line":1,"column":182}},"2":{"start":{"line":30,"column":4},"end":{"line":30,"column":17}},"3":{"start":{"line":45,"column":6},"end":{"line":45,"column":55}},"4":{"start":{"line":45,"column":55},"end":{"line":45,"column":115}},"5":{"start":{"line":48,"column":4},"end":{"line":48,"column":71}},"6":{"start":{"line":49,"column":4},"end":{"line":84,"column":463}},"7":{"start":{"line":84,"column":205},"end":{"line":84,"column":389}}},"fnMap":{"0":{"name":"(anonymous_0)","decl":{"start":{"line":29,"column":2},"end":{"line":29,"column":3}},"loc":{"start":{"line":29,"column":21},"end":{"line":45,"column":116}}},"1":{"name":"(anonymous_1)","decl":{"start":{"line":47,"column":2},"end":{"line":47,"column":3}},"loc":{"start":{"line":47,"column":11},"end":{"line":89,"column":3}}},"2":{"name":"(anonymous_2)","decl":{"start":{"line":84,"column":173},"end":{"line":84,"column":174}},"loc":{"start":{"line":84,"column":205},"end":{"line":84,"column":389}}}},"branchMap":{"0":{"loc":{"start":{"line":59,"column":40},"end":{"line":59,"column":81}},"type":"cond-expr","locations":[{"start":{"line":59,"column":64},"end":{"line":59,"column":72}},{"start":{"line":59,"column":75},"end":{"line":59,"column":81}}]}},"s":{"0":0,"1":0,"2":0,"3":0,"4":0,"5":0,"6":0,"7":0},"f":{"0":0,"1":0,"2":0},"b":{"0":[0,0]}},"/Users/sgottreu/Sites/dungeoneering/dungeon-maker/src/components/_Gear.js":{"path":"/Users/sgottreu/Sites/dungeoneering/dungeon-maker/src/components/_Gear.js","statementMap":{"0":{"start":{"line":1,"column":39},"end":{"line":1,"column":101}},"1":{"start":{"line":1,"column":139},"end":{"line":15,"column":90}}},"fnMap":{},"branchMap":{},"s":{"0":0,"1":0},"f":{},"b":{}},"/Users/sgottreu/Sites/dungeoneering/dungeon-maker/src/components/_Dungeon.js":{"path":"/Users/sgottreu/Sites/dungeoneering/dungeon-maker/src/components/_Dungeon.js","statementMap":{"0":{"start":{"line":1,"column":39},"end":{"line":1,"column":101}},"1":{"start":{"line":1,"column":101},"end":{"line":1,"column":130}},"2":{"start":{"line":3,"column":156},"end":{"line":3,"column":210}},"3":{"start":{"line":114,"column":0},"end":{"line":134,"column":2}},"4":{"start":{"line":136,"column":21},"end":{"line":156,"column":1}},"5":{"start":{"line":137,"column":11},"end":{"line":137,"column":45}},"6":{"start":{"line":137,"column":51},"end":{"line":137,"column":85}},"7":{"start":{"line":138,"column":11},"end":{"line":138,"column":43}},"8":{"start":{"line":138,"column":49},"end":{"line":138,"column":81}},"9":{"start":{"line":139,"column":2},"end":{"line":155,"column":3}},"10":{"start":{"line":140,"column":4},"end":{"line":140,"column":13}},"11":{"start":{"line":142,"column":4},"end":{"line":154,"column":5}},"12":{"start":{"line":143,"column":6},"end":{"line":143,"column":16}},"13":{"start":{"line":145,"column":6},"end":{"line":153,"column":7}},"14":{"start":{"line":146,"column":8},"end":{"line":146,"column":17}},"15":{"start":{"line":148,"column":8},"end":{"line":152,"column":9}},"16":{"start":{"line":149,"column":10},"end":{"line":149,"column":20}},"17":{"start":{"line":151,"column":10},"end":{"line":151,"column":19}},"18":{"start":{"line":158,"column":0},"end":{"line":166,"column":2}},"19":{"start":{"line":159,"column":2},"end":{"line":161,"column":3}},"20":{"start":{"line":160,"column":4},"end":{"line":160,"column":64}},"21":{"start":{"line":162,"column":2},"end":{"line":164,"column":3}},"22":{"start":{"line":163,"column":4},"end":{"line":163,"column":64}},"23":{"start":{"line":165,"column":2},"end":{"line":165,"column":15}},"24":{"start":{"line":168,"column":0},"end":{"line":188,"column":2}},"25":{"start":{"line":169,"column":14},"end":{"line":169,"column":33}},"26":{"start":{"line":171,"column":2},"end":{"line":185,"column":5}},"27":{"start":{"line":172,"column":16},"end":{"line":174,"column":6}},"28":{"start":{"line":173,"column":6},"end":{"line":173,"column":85}},"29":{"start":{"line":176,"column":4},"end":{"line":183,"column":5}},"30":{"start":{"line":177,"column":6},"end":{"line":177,"column":114}},"31":{"start":{"line":178,"column":6},"end":{"line":178,"column":48}},"32":{"start":{"line":182,"column":6},"end":{"line":182,"column":18}},"33":{"start":{"line":184,"column":4},"end":{"line":184,"column":17}},"34":{"start":{"line":187,"column":2},"end":{"line":187,"column":15}},"35":{"start":{"line":190,"column":0},"end":{"line":199,"column":2}},"36":{"start":{"line":191,"column":2},"end":{"line":196,"column":5}},"37":{"start":{"line":192,"column":4},"end":{"line":194,"column":5}},"38":{"start":{"line":193,"column":6},"end":{"line":193,"column":89}},"39":{"start":{"line":195,"column":4},"end":{"line":195,"column":16}},"40":{"start":{"line":198,"column":2},"end":{"line":198,"column":15}},"41":{"start":{"line":201,"column":0},"end":{"line":224,"column":2}},"42":{"start":{"line":202,"column":14},"end":{"line":202,"column":25}},"43":{"start":{"line":209,"column":2},"end":{"line":209,"column":46}},"44":{"start":{"line":211,"column":2},"end":{"line":211,"column":65}},"45":{"start":{"line":213,"column":2},"end":{"line":219,"column":5}},"46":{"start":{"line":214,"column":15},"end":{"line":214,"column":79}},"47":{"start":{"line":215,"column":4},"end":{"line":215,"column":35}},"48":{"start":{"line":217,"column":4},"end":{"line":217,"column":72}},"49":{"start":{"line":218,"column":4},"end":{"line":218,"column":16}},"50":{"start":{"line":221,"column":2},"end":{"line":221,"column":40}},"51":{"start":{"line":222,"column":2},"end":{"line":222,"column":30}},"52":{"start":{"line":223,"column":2},"end":{"line":223,"column":24}},"53":{"start":{"line":248,"column":0},"end":{"line":261,"column":2}},"54":{"start":{"line":249,"column":2},"end":{"line":259,"column":5}},"55":{"start":{"line":250,"column":4},"end":{"line":250,"column":45}},"56":{"start":{"line":251,"column":4},"end":{"line":251,"column":46}},"57":{"start":{"line":252,"column":4},"end":{"line":258,"column":7}},"58":{"start":{"line":253,"column":6},"end":{"line":256,"column":7}},"59":{"start":{"line":254,"column":21},"end":{"line":254,"column":75}},"60":{"start":{"line":254,"column":53},"end":{"line":254,"column":73}},"61":{"start":{"line":255,"column":8},"end":{"line":255,"column":101}},"62":{"start":{"line":257,"column":6},"end":{"line":257,"column":88}},"63":{"start":{"line":260,"column":2},"end":{"line":260,"column":15}}},"fnMap":{"0":{"name":"_interopRequireDefault","decl":{"start":{"line":3,"column":127},"end":{"line":3,"column":149}},"loc":{"start":{"line":3,"column":155},"end":{"line":3,"column":211}}},"1":{"name":"(anonymous_1)","decl":{"start":{"line":114,"column":28},"end":{"line":114,"column":29}},"loc":{"start":{"line":114,"column":45},"end":{"line":134,"column":1}}},"2":{"name":"(anonymous_2)","decl":{"start":{"line":136,"column":21},"end":{"line":136,"column":22}},"loc":{"start":{"line":136,"column":31},"end":{"line":156,"column":1}}},"3":{"name":"(anonymous_3)","decl":{"start":{"line":158,"column":27},"end":{"line":158,"column":28}},"loc":{"start":{"line":158,"column":62},"end":{"line":166,"column":1}}},"4":{"name":"(anonymous_4)","decl":{"start":{"line":168,"column":24},"end":{"line":168,"column":25}},"loc":{"start":{"line":168,"column":33},"end":{"line":188,"column":1}}},"5":{"name":"(anonymous_5)","decl":{"start":{"line":171,"column":12},"end":{"line":171,"column":13}},"loc":{"start":{"line":171,"column":30},"end":{"line":185,"column":3}}},"6":{"name":"(anonymous_6)","decl":{"start":{"line":172,"column":33},"end":{"line":172,"column":34}},"loc":{"start":{"line":172,"column":41},"end":{"line":174,"column":5}}},"7":{"name":"(anonymous_7)","decl":{"start":{"line":190,"column":27},"end":{"line":190,"column":28}},"loc":{"start":{"line":190,"column":36},"end":{"line":199,"column":1}}},"8":{"name":"(anonymous_8)","decl":{"start":{"line":191,"column":18},"end":{"line":191,"column":19}},"loc":{"start":{"line":191,"column":31},"end":{"line":196,"column":3}}},"9":{"name":"(anonymous_9)","decl":{"start":{"line":201,"column":26},"end":{"line":201,"column":27}},"loc":{"start":{"line":201,"column":35},"end":{"line":224,"column":1}}},"10":{"name":"(anonymous_10)","decl":{"start":{"line":213,"column":23},"end":{"line":213,"column":24}},"loc":{"start":{"line":213,"column":36},"end":{"line":219,"column":3}}},"11":{"name":"(anonymous_11)","decl":{"start":{"line":248,"column":31},"end":{"line":248,"column":32}},"loc":{"start":{"line":248,"column":40},"end":{"line":261,"column":1}}},"12":{"name":"(anonymous_12)","decl":{"start":{"line":249,"column":27},"end":{"line":249,"column":28}},"loc":{"start":{"line":249,"column":38},"end":{"line":259,"column":3}}},"13":{"name":"(anonymous_13)","decl":{"start":{"line":252,"column":22},"end":{"line":252,"column":23}},"loc":{"start":{"line":252,"column":33},"end":{"line":258,"column":5}}},"14":{"name":"(anonymous_14)","decl":{"start":{"line":254,"column":47},"end":{"line":254,"column":48}},"loc":{"start":{"line":254,"column":52},"end":{"line":254,"column":74}}}},"branchMap":{"0":{"loc":{"start":{"line":3,"column":163},"end":{"line":3,"column":209}},"type":"cond-expr","locations":[{"start":{"line":3,"column":187},"end":{"line":3,"column":190}},{"start":{"line":3,"column":193},"end":{"line":3,"column":209}}]},"1":{"loc":{"start":{"line":3,"column":163},"end":{"line":3,"column":184}},"type":"binary-expr","locations":[{"start":{"line":3,"column":163},"end":{"line":3,"column":166}},{"start":{"line":3,"column":170},"end":{"line":3,"column":184}}]},"2":{"loc":{"start":{"line":139,"column":2},"end":{"line":155,"column":3}},"type":"if","locations":[{"start":{"line":139,"column":2},"end":{"line":155,"column":3}},{"start":{"line":139,"column":2},"end":{"line":155,"column":3}}]},"3":{"loc":{"start":{"line":142,"column":4},"end":{"line":154,"column":5}},"type":"if","locations":[{"start":{"line":142,"column":4},"end":{"line":154,"column":5}},{"start":{"line":142,"column":4},"end":{"line":154,"column":5}}]},"4":{"loc":{"start":{"line":145,"column":6},"end":{"line":153,"column":7}},"type":"if","locations":[{"start":{"line":145,"column":6},"end":{"line":153,"column":7}},{"start":{"line":145,"column":6},"end":{"line":153,"column":7}}]},"5":{"loc":{"start":{"line":148,"column":8},"end":{"line":152,"column":9}},"type":"if","locations":[{"start":{"line":148,"column":8},"end":{"line":152,"column":9}},{"start":{"line":148,"column":8},"end":{"line":152,"column":9}}]},"6":{"loc":{"start":{"line":159,"column":2},"end":{"line":161,"column":3}},"type":"if","locations":[{"start":{"line":159,"column":2},"end":{"line":161,"column":3}},{"start":{"line":159,"column":2},"end":{"line":161,"column":3}}]},"7":{"loc":{"start":{"line":159,"column":6},"end":{"line":159,"column":77}},"type":"binary-expr","locations":[{"start":{"line":159,"column":6},"end":{"line":159,"column":12}},{"start":{"line":159,"column":17},"end":{"line":159,"column":41}},{"start":{"line":159,"column":45},"end":{"line":159,"column":76}}]},"8":{"loc":{"start":{"line":162,"column":2},"end":{"line":164,"column":3}},"type":"if","locations":[{"start":{"line":162,"column":2},"end":{"line":164,"column":3}},{"start":{"line":162,"column":2},"end":{"line":164,"column":3}}]},"9":{"loc":{"start":{"line":173,"column":13},"end":{"line":173,"column":84}},"type":"binary-expr","locations":[{"start":{"line":173,"column":13},"end":{"line":173,"column":27}},{"start":{"line":173,"column":32},"end":{"line":173,"column":59}},{"start":{"line":173,"column":63},"end":{"line":173,"column":83}}]},"10":{"loc":{"start":{"line":176,"column":4},"end":{"line":183,"column":5}},"type":"if","locations":[{"start":{"line":176,"column":4},"end":{"line":183,"column":5}},{"start":{"line":176,"column":4},"end":{"line":183,"column":5}}]},"11":{"loc":{"start":{"line":192,"column":4},"end":{"line":194,"column":5}},"type":"if","locations":[{"start":{"line":192,"column":4},"end":{"line":194,"column":5}},{"start":{"line":192,"column":4},"end":{"line":194,"column":5}}]},"12":{"loc":{"start":{"line":192,"column":8},"end":{"line":192,"column":88}},"type":"binary-expr","locations":[{"start":{"line":192,"column":8},"end":{"line":192,"column":21}},{"start":{"line":192,"column":25},"end":{"line":192,"column":45}},{"start":{"line":192,"column":49},"end":{"line":192,"column":88}}]},"13":{"loc":{"start":{"line":253,"column":6},"end":{"line":256,"column":7}},"type":"if","locations":[{"start":{"line":253,"column":6},"end":{"line":256,"column":7}},{"start":{"line":253,"column":6},"end":{"line":256,"column":7}}]}},"s":{"0":0,"1":0,"2":0,"3":0,"4":0,"5":0,"6":0,"7":0,"8":0,"9":0,"10":0,"11":0,"12":0,"13":0,"14":0,"15":0,"16":0,"17":0,"18":0,"19":0,"20":0,"21":0,"22":0,"23":0,"24":0,"25":0,"26":0,"27":0,"28":0,"29":0,"30":0,"31":0,"32":0,"33":0,"34":0,"35":0,"36":0,"37":0,"38":0,"39":0,"40":0,"41":0,"42":0,"43":0,"44":0,"45":0,"46":0,"47":0,"48":0,"49":0,"50":0,"51":0,"52":0,"53":0,"54":0,"55":0,"56":0,"57":0,"58":0,"59":0,"60":0,"61":0,"62":0,"63":0},"f":{"0":0,"1":0,"2":0,"3":0,"4":0,"5":0,"6":0,"7":0,"8":0,"9":0,"10":0,"11":0,"12":0,"13":0,"14":0},"b":{"0":[0,0],"1":[0,0],"2":[0,0],"3":[0,0],"4":[0,0],"5":[0,0],"6":[0,0],"7":[0,0,0],"8":[0,0],"9":[0,0,0],"10":[0,0],"11":[0,0],"12":[0,0,0],"13":[0,0]}},"/Users/sgottreu/Sites/dungeoneering/dungeon-maker/src/components/AddMonster.js":{"path":"/Users/sgottreu/Sites/dungeoneering/dungeon-maker/src/components/AddMonster.js","statementMap":{"0":{"start":{"line":1,"column":39},"end":{"line":1,"column":101}},"1":{"start":{"line":1,"column":120},"end":{"line":1,"column":200}},"2":{"start":{"line":2,"column":188},"end":{"line":2,"column":242}},"3":{"start":{"line":7,"column":2},"end":{"line":9,"column":225}}},"fnMap":{"0":{"name":"_interopRequireDefault","decl":{"start":{"line":2,"column":159},"end":{"line":2,"column":181}},"loc":{"start":{"line":2,"column":187},"end":{"line":2,"column":243}}},"1":{"name":"(anonymous_1)","decl":{"start":{"line":6,"column":1},"end":{"line":6,"column":2}},"loc":{"start":{"line":6,"column":10},"end":{"line":13,"column":2}}}},"branchMap":{"0":{"loc":{"start":{"line":2,"column":195},"end":{"line":2,"column":241}},"type":"cond-expr","locations":[{"start":{"line":2,"column":219},"end":{"line":2,"column":222}},{"start":{"line":2,"column":225},"end":{"line":2,"column":241}}]},"1":{"loc":{"start":{"line":2,"column":195},"end":{"line":2,"column":216}},"type":"binary-expr","locations":[{"start":{"line":2,"column":195},"end":{"line":2,"column":198}},{"start":{"line":2,"column":202},"end":{"line":2,"column":216}}]}},"s":{"0":0,"1":0,"2":0,"3":0},"f":{"0":0,"1":0},"b":{"0":[0,0],"1":[0,0]}},"/Users/sgottreu/Sites/dungeoneering/dungeon-maker/src/components/AddPowers.js":{"path":"/Users/sgottreu/Sites/dungeoneering/dungeon-maker/src/components/AddPowers.js","statementMap":{"0":{"start":{"line":1,"column":39},"end":{"line":1,"column":101}},"1":{"start":{"line":1,"column":120},"end":{"line":1,"column":199}},"2":{"start":{"line":3,"column":188},"end":{"line":3,"column":242}},"3":{"start":{"line":7,"column":2},"end":{"line":7,"column":28}},"4":{"start":{"line":8,"column":2},"end":{"line":14,"column":108}}},"fnMap":{"0":{"name":"_interopRequireDefault","decl":{"start":{"line":3,"column":159},"end":{"line":3,"column":181}},"loc":{"start":{"line":3,"column":187},"end":{"line":3,"column":243}}},"1":{"name":"AddPowers","decl":{"start":{"line":5,"column":9},"end":{"line":5,"column":18}},"loc":{"start":{"line":6,"column":0},"end":{"line":18,"column":1}}}},"branchMap":{"0":{"loc":{"start":{"line":3,"column":195},"end":{"line":3,"column":241}},"type":"cond-expr","locations":[{"start":{"line":3,"column":219},"end":{"line":3,"column":222}},{"start":{"line":3,"column":225},"end":{"line":3,"column":241}}]},"1":{"loc":{"start":{"line":3,"column":195},"end":{"line":3,"column":216}},"type":"binary-expr","locations":[{"start":{"line":3,"column":195},"end":{"line":3,"column":198}},{"start":{"line":3,"column":202},"end":{"line":3,"column":216}}]}},"s":{"0":0,"1":0,"2":0,"3":0,"4":0},"f":{"0":0,"1":0},"b":{"0":[0,0],"1":[0,0]}},"/Users/sgottreu/Sites/dungeoneering/dungeon-maker/src/components/AddWeapon.js":{"path":"/Users/sgottreu/Sites/dungeoneering/dungeon-maker/src/components/AddWeapon.js","statementMap":{"0":{"start":{"line":1,"column":39},"end":{"line":1,"column":101}},"1":{"start":{"line":1,"column":120},"end":{"line":1,"column":199}},"2":{"start":{"line":16,"column":4},"end":{"line":16,"column":17}},"3":{"start":{"line":113,"column":6},"end":{"line":113,"column":67}},"4":{"start":{"line":113,"column":67},"end":{"line":113,"column":122}},"5":{"start":{"line":113,"column":122},"end":{"line":113,"column":171}},"6":{"start":{"line":113,"column":171},"end":{"line":113,"column":228}},"7":{"start":{"line":113,"column":228},"end":{"line":113,"column":283}},"8":{"start":{"line":113,"column":283},"end":{"line":113,"column":344}},"9":{"start":{"line":113,"column":344},"end":{"line":113,"column":401}},"10":{"start":{"line":113,"column":401},"end":{"line":113,"column":466}},"11":{"start":{"line":113,"column":466},"end":{"line":113,"column":523}},"12":{"start":{"line":113,"column":523},"end":{"line":113,"column":582}},"13":{"start":{"line":113,"column":582},"end":{"line":113,"column":635}},"14":{"start":{"line":113,"column":635},"end":{"line":113,"column":681}},"15":{"start":{"line":113,"column":681},"end":{"line":113,"column":732}},"16":{"start":{"line":113,"column":732},"end":{"line":113,"column":774}},"17":{"start":{"line":113,"column":774},"end":{"line":113,"column":853}},"18":{"start":{"line":113,"column":833},"end":{"line":113,"column":850}},"19":{"start":{"line":113,"column":853},"end":{"line":113,"column":1031}},"20":{"start":{"line":113,"column":1065},"end":{"line":113,"column":1069}},"21":{"start":{"line":113,"column":1197},"end":{"line":113,"column":1207}},"22":{"start":{"line":113,"column":1208},"end":{"line":113,"column":1391}},"23":{"start":{"line":113,"column":1242},"end":{"line":113,"column":1258}},"24":{"start":{"line":113,"column":1259},"end":{"line":113,"column":1279}},"25":{"start":{"line":113,"column":1279},"end":{"line":113,"column":1356}},"26":{"start":{"line":113,"column":1364},"end":{"line":113,"column":1390}},"27":{"start":{"line":113,"column":1391},"end":{"line":113,"column":1412}},"28":{"start":{"line":116,"column":16},"end":{"line":116,"column":26}},"29":{"start":{"line":117,"column":4},"end":{"line":117,"column":54}},"30":{"start":{"line":119,"column":4},"end":{"line":122,"column":5}},"31":{"start":{"line":120,"column":19},"end":{"line":120,"column":49}},"32":{"start":{"line":121,"column":6},"end":{"line":121,"column":69}},"33":{"start":{"line":123,"column":4},"end":{"line":123,"column":132}},"34":{"start":{"line":125,"column":4},"end":{"line":125,"column":25}},"35":{"start":{"line":129,"column":4},"end":{"line":130,"column":346}},"36":{"start":{"line":135,"column":18},"end":{"line":135,"column":35}},"37":{"start":{"line":137,"column":4},"end":{"line":187,"column":118}},"38":{"start":{"line":141,"column":22},"end":{"line":141,"column":114}},"39":{"start":{"line":142,"column":12},"end":{"line":143,"column":288}},"40":{"start":{"line":158,"column":38},"end":{"line":158,"column":257}},"41":{"start":{"line":175,"column":38},"end":{"line":175,"column":277}}},"fnMap":{"0":{"name":"(anonymous_0)","decl":{"start":{"line":15,"column":2},"end":{"line":15,"column":3}},"loc":{"start":{"line":15,"column":21},"end":{"line":113,"column":1032}}},"1":{"name":"(anonymous_1)","decl":{"start":{"line":113,"column":825},"end":{"line":113,"column":826}},"loc":{"start":{"line":113,"column":832},"end":{"line":113,"column":851}}},"2":{"name":"(anonymous_2)","decl":{"start":{"line":113,"column":1032},"end":{"line":113,"column":1033}},"loc":{"start":{"line":113,"column":1052},"end":{"line":113,"column":1131}}},"3":{"name":"(anonymous_3)","decl":{"start":{"line":113,"column":1131},"end":{"line":113,"column":1132}},"loc":{"start":{"line":113,"column":1154},"end":{"line":113,"column":1156}}},"4":{"name":"(anonymous_4)","decl":{"start":{"line":113,"column":1156},"end":{"line":113,"column":1157}},"loc":{"start":{"line":113,"column":1184},"end":{"line":113,"column":1413}}},"5":{"name":"(anonymous_5)","decl":{"start":{"line":115,"column":2},"end":{"line":115,"column":3}},"loc":{"start":{"line":115,"column":35},"end":{"line":126,"column":3}}},"6":{"name":"(anonymous_6)","decl":{"start":{"line":128,"column":2},"end":{"line":128,"column":3}},"loc":{"start":{"line":128,"column":19},"end":{"line":132,"column":3}}},"7":{"name":"(anonymous_7)","decl":{"start":{"line":134,"column":2},"end":{"line":134,"column":3}},"loc":{"start":{"line":134,"column":11},"end":{"line":192,"column":3}}},"8":{"name":"(anonymous_8)","decl":{"start":{"line":140,"column":42},"end":{"line":140,"column":43}},"loc":{"start":{"line":140,"column":61},"end":{"line":145,"column":11}}},"9":{"name":"(anonymous_9)","decl":{"start":{"line":157,"column":32},"end":{"line":157,"column":33}},"loc":{"start":{"line":158,"column":38},"end":{"line":158,"column":257}}},"10":{"name":"(anonymous_10)","decl":{"start":{"line":174,"column":51},"end":{"line":174,"column":52}},"loc":{"start":{"line":175,"column":38},"end":{"line":175,"column":277}}}},"branchMap":{"0":{"loc":{"start":{"line":113,"column":1208},"end":{"line":113,"column":1391}},"type":"if","locations":[{"start":{"line":113,"column":1208},"end":{"line":113,"column":1391}},{"start":{"line":113,"column":1208},"end":{"line":113,"column":1391}}]},"1":{"loc":{"start":{"line":113,"column":1299},"end":{"line":113,"column":1355}},"type":"cond-expr","locations":[{"start":{"line":113,"column":1314},"end":{"line":113,"column":1319}},{"start":{"line":113,"column":1322},"end":{"line":113,"column":1355}}]},"2":{"loc":{"start":{"line":119,"column":4},"end":{"line":122,"column":5}},"type":"if","locations":[{"start":{"line":119,"column":4},"end":{"line":122,"column":5}},{"start":{"line":119,"column":4},"end":{"line":122,"column":5}}]},"3":{"loc":{"start":{"line":123,"column":18},"end":{"line":123,"column":131}},"type":"cond-expr","locations":[{"start":{"line":123,"column":62},"end":{"line":123,"column":64}},{"start":{"line":123,"column":67},"end":{"line":123,"column":131}}]},"4":{"loc":{"start":{"line":141,"column":22},"end":{"line":141,"column":114}},"type":"cond-expr","locations":[{"start":{"line":141,"column":56},"end":{"line":141,"column":69}},{"start":{"line":141,"column":72},"end":{"line":141,"column":114}}]},"5":{"loc":{"start":{"line":180,"column":8},"end":{"line":180,"column":89}},"type":"cond-expr","locations":[{"start":{"line":180,"column":63},"end":{"line":180,"column":84}},{"start":{"line":180,"column":87},"end":{"line":180,"column":89}}]},"6":{"loc":{"start":{"line":180,"column":8},"end":{"line":180,"column":60}},"type":"binary-expr","locations":[{"start":{"line":180,"column":8},"end":{"line":180,"column":33}},{"start":{"line":180,"column":37},"end":{"line":180,"column":60}}]}},"s":{"0":0,"1":0,"2":0,"3":0,"4":0,"5":0,"6":0,"7":0,"8":0,"9":0,"10":0,"11":0,"12":0,"13":0,"14":0,"15":0,"16":0,"17":0,"18":0,"19":0,"20":0,"21":0,"22":0,"23":0,"24":0,"25":0,"26":0,"27":0,"28":0,"29":0,"30":0,"31":0,"32":0,"33":0,"34":0,"35":0,"36":0,"37":0,"38":0,"39":0,"40":0,"41":0},"f":{"0":0,"1":0,"2":0,"3":0,"4":0,"5":0,"6":0,"7":0,"8":0,"9":0,"10":0},"b":{"0":[0,0],"1":[0,0],"2":[0,0],"3":[0,0],"4":[0,0],"5":[0,0],"6":[0,0]}},"/Users/sgottreu/Sites/dungeoneering/dungeon-maker/src/components/AttackDialog.js":{"path":"/Users/sgottreu/Sites/dungeoneering/dungeon-maker/src/components/AttackDialog.js","statementMap":{"0":{"start":{"line":1,"column":39},"end":{"line":1,"column":101}},"1":{"start":{"line":1,"column":120},"end":{"line":1,"column":202}},"2":{"start":{"line":17,"column":4},"end":{"line":17,"column":17}},"3":{"start":{"line":48,"column":6},"end":{"line":48,"column":55}},"4":{"start":{"line":48,"column":55},"end":{"line":48,"column":108}},"5":{"start":{"line":48,"column":108},"end":{"line":48,"column":165}},"6":{"start":{"line":48,"column":165},"end":{"line":48,"column":226}},"7":{"start":{"line":53,"column":4},"end":{"line":56,"column":31}},"8":{"start":{"line":59,"column":18},"end":{"line":59,"column":45}},"9":{"start":{"line":59,"column":31},"end":{"line":59,"column":44}},"10":{"start":{"line":60,"column":4},"end":{"line":62,"column":5}},"11":{"start":{"line":61,"column":6},"end":{"line":61,"column":264}},"12":{"start":{"line":61,"column":29},"end":{"line":61,"column":262}},"13":{"start":{"line":64,"column":20},"end":{"line":64,"column":69}},"14":{"start":{"line":65,"column":4},"end":{"line":69,"column":20}},"15":{"start":{"line":75,"column":20},"end":{"line":75,"column":56}},"16":{"start":{"line":76,"column":4},"end":{"line":80,"column":20}},"17":{"start":{"line":86,"column":4},"end":{"line":88,"column":5}},"18":{"start":{"line":87,"column":6},"end":{"line":87,"column":19}},"19":{"start":{"line":89,"column":4},"end":{"line":99,"column":13}},"20":{"start":{"line":92,"column":10},"end":{"line":94,"column":11}},"21":{"start":{"line":93,"column":12},"end":{"line":93,"column":25}},"22":{"start":{"line":95,"column":10},"end":{"line":97,"column":152}},"23":{"start":{"line":107,"column":50},"end":{"line":107,"column":60}},"24":{"start":{"line":109,"column":4},"end":{"line":111,"column":5}},"25":{"start":{"line":110,"column":6},"end":{"line":110,"column":19}},"26":{"start":{"line":113,"column":21},"end":{"line":113,"column":30}},"27":{"start":{"line":114,"column":19},"end":{"line":114,"column":72}},"28":{"start":{"line":114,"column":42},"end":{"line":114,"column":70}},"29":{"start":{"line":115,"column":17},"end":{"line":115,"column":70}},"30":{"start":{"line":115,"column":40},"end":{"line":115,"column":68}},"31":{"start":{"line":117,"column":4},"end":{"line":186,"column":107}},"32":{"start":{"line":131,"column":14},"end":{"line":133,"column":151}}},"fnMap":{"0":{"name":"(anonymous_0)","decl":{"start":{"line":16,"column":2},"end":{"line":16,"column":3}},"loc":{"start":{"line":16,"column":21},"end":{"line":48,"column":227}}},"1":{"name":"(anonymous_1)","decl":{"start":{"line":48,"column":227},"end":{"line":48,"column":228}},"loc":{"start":{"line":48,"column":247},"end":{"line":48,"column":249}}},"2":{"name":"(anonymous_2)","decl":{"start":{"line":48,"column":249},"end":{"line":48,"column":250}},"loc":{"start":{"line":48,"column":286},"end":{"line":48,"column":288}}},"3":{"name":"(anonymous_3)","decl":{"start":{"line":50,"column":2},"end":{"line":50,"column":3}},"loc":{"start":{"line":50,"column":23},"end":{"line":72,"column":3}}},"4":{"name":"(anonymous_4)","decl":{"start":{"line":59,"column":18},"end":{"line":59,"column":19}},"loc":{"start":{"line":59,"column":30},"end":{"line":59,"column":45}}},"5":{"name":"(anonymous_5)","decl":{"start":{"line":61,"column":16},"end":{"line":61,"column":17}},"loc":{"start":{"line":61,"column":28},"end":{"line":61,"column":263}}},"6":{"name":"(anonymous_6)","decl":{"start":{"line":74,"column":2},"end":{"line":74,"column":3}},"loc":{"start":{"line":74,"column":35},"end":{"line":83,"column":3}}},"7":{"name":"(anonymous_7)","decl":{"start":{"line":85,"column":2},"end":{"line":85,"column":3}},"loc":{"start":{"line":85,"column":29},"end":{"line":102,"column":3}}},"8":{"name":"(anonymous_8)","decl":{"start":{"line":91,"column":31},"end":{"line":91,"column":32}},"loc":{"start":{"line":91,"column":45},"end":{"line":99,"column":9}}},"9":{"name":"(anonymous_9)","decl":{"start":{"line":106,"column":2},"end":{"line":106,"column":3}},"loc":{"start":{"line":106,"column":11},"end":{"line":192,"column":3}}},"10":{"name":"(anonymous_10)","decl":{"start":{"line":114,"column":35},"end":{"line":114,"column":36}},"loc":{"start":{"line":114,"column":41},"end":{"line":114,"column":71}}},"11":{"name":"(anonymous_11)","decl":{"start":{"line":115,"column":33},"end":{"line":115,"column":34}},"loc":{"start":{"line":115,"column":39},"end":{"line":115,"column":69}}},"12":{"name":"(anonymous_12)","decl":{"start":{"line":130,"column":32},"end":{"line":130,"column":33}},"loc":{"start":{"line":130,"column":50},"end":{"line":135,"column":13}}}},"branchMap":{"0":{"loc":{"start":{"line":60,"column":4},"end":{"line":62,"column":5}},"type":"if","locations":[{"start":{"line":60,"column":4},"end":{"line":62,"column":5}},{"start":{"line":60,"column":4},"end":{"line":62,"column":5}}]},"1":{"loc":{"start":{"line":75,"column":20},"end":{"line":75,"column":56}},"type":"cond-expr","locations":[{"start":{"line":75,"column":40},"end":{"line":75,"column":51}},{"start":{"line":75,"column":54},"end":{"line":75,"column":56}}]},"2":{"loc":{"start":{"line":86,"column":4},"end":{"line":88,"column":5}},"type":"if","locations":[{"start":{"line":86,"column":4},"end":{"line":88,"column":5}},{"start":{"line":86,"column":4},"end":{"line":88,"column":5}}]},"3":{"loc":{"start":{"line":92,"column":10},"end":{"line":94,"column":11}},"type":"if","locations":[{"start":{"line":92,"column":10},"end":{"line":94,"column":11}},{"start":{"line":92,"column":10},"end":{"line":94,"column":11}}]},"4":{"loc":{"start":{"line":109,"column":4},"end":{"line":111,"column":5}},"type":"if","locations":[{"start":{"line":109,"column":4},"end":{"line":111,"column":5}},{"start":{"line":109,"column":4},"end":{"line":111,"column":5}}]},"5":{"loc":{"start":{"line":148,"column":25},"end":{"line":148,"column":109}},"type":"cond-expr","locations":[{"start":{"line":148,"column":78},"end":{"line":148,"column":104}},{"start":{"line":148,"column":107},"end":{"line":148,"column":109}}]},"6":{"loc":{"start":{"line":148,"column":25},"end":{"line":148,"column":75}},"type":"binary-expr","locations":[{"start":{"line":148,"column":25},"end":{"line":148,"column":47}},{"start":{"line":148,"column":51},"end":{"line":148,"column":75}}]},"7":{"loc":{"start":{"line":164,"column":10},"end":{"line":164,"column":155}},"type":"cond-expr","locations":[{"start":{"line":164,"column":27},"end":{"line":164,"column":150}},{"start":{"line":164,"column":153},"end":{"line":164,"column":155}}]},"8":{"loc":{"start":{"line":165,"column":10},"end":{"line":165,"column":156}},"type":"cond-expr","locations":[{"start":{"line":165,"column":63},"end":{"line":165,"column":151}},{"start":{"line":165,"column":154},"end":{"line":165,"column":156}}]},"9":{"loc":{"start":{"line":165,"column":10},"end":{"line":165,"column":60}},"type":"binary-expr","locations":[{"start":{"line":165,"column":10},"end":{"line":165,"column":32}},{"start":{"line":165,"column":36},"end":{"line":165,"column":60}}]},"10":{"loc":{"start":{"line":168,"column":10},"end":{"line":168,"column":110}},"type":"cond-expr","locations":[{"start":{"line":168,"column":27},"end":{"line":168,"column":105}},{"start":{"line":168,"column":108},"end":{"line":168,"column":110}}]}},"s":{"0":0,"1":0,"2":0,"3":0,"4":0,"5":0,"6":0,"7":0,"8":0,"9":0,"10":0,"11":0,"12":0,"13":0,"14":0,"15":0,"16":0,"17":0,"18":0,"19":0,"20":0,"21":0,"22":0,"23":0,"24":0,"25":0,"26":0,"27":0,"28":0,"29":0,"30":0,"31":0,"32":0},"f":{"0":0,"1":0,"2":0,"3":0,"4":0,"5":0,"6":0,"7":0,"8":0,"9":0,"10":0,"11":0,"12":0},"b":{"0":[0,0],"1":[0,0],"2":[0,0],"3":[0,0],"4":[0,0],"5":[0,0],"6":[0,0],"7":[0,0],"8":[0,0],"9":[0,0],"10":[0,0]}},"/Users/sgottreu/Sites/dungeoneering/dungeon-maker/src/components/containers/add-powers-container.js":{"path":"/Users/sgottreu/Sites/dungeoneering/dungeon-maker/src/components/containers/add-powers-container.js","statementMap":{"0":{"start":{"line":1,"column":39},"end":{"line":1,"column":101}},"1":{"start":{"line":1,"column":120},"end":{"line":1,"column":221}},"2":{"start":{"line":7,"column":501},"end":{"line":7,"column":555}},"3":{"start":{"line":12,"column":4},"end":{"line":12,"column":27}},"4":{"start":{"line":16,"column":4},"end":{"line":17,"column":240}},"5":{"start":{"line":22,"column":24},"end":{"line":24,"column":1}},"6":{"start":{"line":23,"column":2},"end":{"line":23,"column":27}},"7":{"start":{"line":27,"column":2},"end":{"line":28,"column":108}}},"fnMap":{"0":{"name":"_interopRequireDefault","decl":{"start":{"line":7,"column":472},"end":{"line":7,"column":494}},"loc":{"start":{"line":7,"column":500},"end":{"line":7,"column":556}}},"1":{"name":"(anonymous_1)","decl":{"start":{"line":11,"column":2},"end":{"line":11,"column":3}},"loc":{"start":{"line":11,"column":22},"end":{"line":13,"column":3}}},"2":{"name":"(anonymous_2)","decl":{"start":{"line":15,"column":2},"end":{"line":15,"column":3}},"loc":{"start":{"line":15,"column":11},"end":{"line":19,"column":3}}},"3":{"name":"(anonymous_3)","decl":{"start":{"line":22,"column":24},"end":{"line":22,"column":25}},"loc":{"start":{"line":22,"column":41},"end":{"line":24,"column":1}}},"4":{"name":"mapDispatchToProps","decl":{"start":{"line":26,"column":9},"end":{"line":26,"column":27}},"loc":{"start":{"line":26,"column":38},"end":{"line":30,"column":1}}}},"branchMap":{"0":{"loc":{"start":{"line":7,"column":508},"end":{"line":7,"column":554}},"type":"cond-expr","locations":[{"start":{"line":7,"column":532},"end":{"line":7,"column":535}},{"start":{"line":7,"column":538},"end":{"line":7,"column":554}}]},"1":{"loc":{"start":{"line":7,"column":508},"end":{"line":7,"column":529}},"type":"binary-expr","locations":[{"start":{"line":7,"column":508},"end":{"line":7,"column":511}},{"start":{"line":7,"column":515},"end":{"line":7,"column":529}}]}},"s":{"0":0,"1":0,"2":0,"3":0,"4":0,"5":0,"6":0,"7":0},"f":{"0":0,"1":0,"2":0,"3":0,"4":0},"b":{"0":[0,0],"1":[0,0]}},"/Users/sgottreu/Sites/dungeoneering/dungeon-maker/src/components/CreateCharacter.js":{"path":"/Users/sgottreu/Sites/dungeoneering/dungeon-maker/src/components/CreateCharacter.js","statementMap":{"0":{"start":{"line":1,"column":39},"end":{"line":1,"column":101}},"1":{"start":{"line":1,"column":120},"end":{"line":1,"column":205}},"2":{"start":{"line":2,"column":188},"end":{"line":2,"column":242}},"3":{"start":{"line":7,"column":2},"end":{"line":9,"column":227}}},"fnMap":{"0":{"name":"_interopRequireDefault","decl":{"start":{"line":2,"column":159},"end":{"line":2,"column":181}},"loc":{"start":{"line":2,"column":187},"end":{"line":2,"column":243}}},"1":{"name":"(anonymous_1)","decl":{"start":{"line":6,"column":1},"end":{"line":6,"column":2}},"loc":{"start":{"line":6,"column":10},"end":{"line":13,"column":2}}}},"branchMap":{"0":{"loc":{"start":{"line":2,"column":195},"end":{"line":2,"column":241}},"type":"cond-expr","locations":[{"start":{"line":2,"column":219},"end":{"line":2,"column":222}},{"start":{"line":2,"column":225},"end":{"line":2,"column":241}}]},"1":{"loc":{"start":{"line":2,"column":195},"end":{"line":2,"column":216}},"type":"binary-expr","locations":[{"start":{"line":2,"column":195},"end":{"line":2,"column":198}},{"start":{"line":2,"column":202},"end":{"line":2,"column":216}}]}},"s":{"0":0,"1":0,"2":0,"3":0},"f":{"0":0,"1":0},"b":{"0":[0,0],"1":[0,0]}},"/Users/sgottreu/Sites/dungeoneering/dungeon-maker/src/components/CreateEncounter.js":{"path":"/Users/sgottreu/Sites/dungeoneering/dungeon-maker/src/components/CreateEncounter.js","statementMap":{"0":{"start":{"line":1,"column":39},"end":{"line":1,"column":101}},"1":{"start":{"line":1,"column":120},"end":{"line":1,"column":205}},"2":{"start":{"line":21,"column":4},"end":{"line":21,"column":17}},"3":{"start":{"line":154,"column":6},"end":{"line":154,"column":51}},"4":{"start":{"line":154,"column":51},"end":{"line":154,"column":102}},"5":{"start":{"line":154,"column":102},"end":{"line":154,"column":141}},"6":{"start":{"line":154,"column":141},"end":{"line":154,"column":192}},"7":{"start":{"line":154,"column":192},"end":{"line":154,"column":237}},"8":{"start":{"line":154,"column":237},"end":{"line":154,"column":296}},"9":{"start":{"line":154,"column":296},"end":{"line":154,"column":357}},"10":{"start":{"line":154,"column":357},"end":{"line":154,"column":420}},"11":{"start":{"line":154,"column":420},"end":{"line":154,"column":473}},"12":{"start":{"line":154,"column":473},"end":{"line":154,"column":514}},"13":{"start":{"line":154,"column":514},"end":{"line":154,"column":565}},"14":{"start":{"line":154,"column":565},"end":{"line":154,"column":947}},"15":{"start":{"line":154,"column":969},"end":{"line":154,"column":1022}},"16":{"start":{"line":154,"column":1034},"end":{"line":154,"column":1038}},"17":{"start":{"line":154,"column":1576},"end":{"line":154,"column":1632}},"18":{"start":{"line":154,"column":1729},"end":{"line":154,"column":1733}},"19":{"start":{"line":154,"column":2002},"end":{"line":154,"column":2025}},"20":{"start":{"line":154,"column":2025},"end":{"line":154,"column":2045}},"21":{"start":{"line":154,"column":2077},"end":{"line":154,"column":2087}},"22":{"start":{"line":154,"column":2088},"end":{"line":154,"column":2115}},"23":{"start":{"line":154,"column":2115},"end":{"line":154,"column":2136}},"24":{"start":{"line":154,"column":2172},"end":{"line":154,"column":2195}},"25":{"start":{"line":154,"column":2196},"end":{"line":154,"column":2259}},"26":{"start":{"line":157,"column":24},"end":{"line":157,"column":34}},"27":{"start":{"line":158,"column":16},"end":{"line":158,"column":20}},"28":{"start":{"line":179,"column":56},"end":{"line":179,"column":66}},"29":{"start":{"line":181,"column":4},"end":{"line":206,"column":107}},"30":{"start":{"line":193,"column":12},"end":{"line":194,"column":359}}},"fnMap":{"0":{"name":"(anonymous_0)","decl":{"start":{"line":20,"column":2},"end":{"line":20,"column":3}},"loc":{"start":{"line":20,"column":21},"end":{"line":154,"column":948}}},"1":{"name":"(anonymous_1)","decl":{"start":{"line":154,"column":948},"end":{"line":154,"column":949}},"loc":{"start":{"line":154,"column":968},"end":{"line":154,"column":1552}}},"2":{"name":"(anonymous_2)","decl":{"start":{"line":154,"column":1552},"end":{"line":154,"column":1553}},"loc":{"start":{"line":154,"column":1575},"end":{"line":154,"column":1633}}},"3":{"name":"(anonymous_3)","decl":{"start":{"line":154,"column":1633},"end":{"line":154,"column":1634}},"loc":{"start":{"line":154,"column":1650},"end":{"line":154,"column":1652}}},"4":{"name":"(anonymous_4)","decl":{"start":{"line":154,"column":1652},"end":{"line":154,"column":1653}},"loc":{"start":{"line":154,"column":1666},"end":{"line":154,"column":1668}}},"5":{"name":"(anonymous_5)","decl":{"start":{"line":154,"column":1668},"end":{"line":154,"column":1669}},"loc":{"start":{"line":154,"column":1686},"end":{"line":154,"column":1688}}},"6":{"name":"(anonymous_6)","decl":{"start":{"line":154,"column":1688},"end":{"line":154,"column":1689}},"loc":{"start":{"line":154,"column":1716},"end":{"line":154,"column":1970}}},"7":{"name":"(anonymous_7)","decl":{"start":{"line":154,"column":1970},"end":{"line":154,"column":1971}},"loc":{"start":{"line":154,"column":2001},"end":{"line":154,"column":2046}}},"8":{"name":"(anonymous_8)","decl":{"start":{"line":154,"column":2046},"end":{"line":154,"column":2047}},"loc":{"start":{"line":154,"column":2064},"end":{"line":154,"column":2137}}},"9":{"name":"(anonymous_9)","decl":{"start":{"line":154,"column":2137},"end":{"line":154,"column":2138}},"loc":{"start":{"line":154,"column":2152},"end":{"line":154,"column":2260}}},"10":{"name":"(anonymous_10)","decl":{"start":{"line":156,"column":2},"end":{"line":156,"column":3}},"loc":{"start":{"line":156,"column":18},"end":{"line":176,"column":3}}},"11":{"name":"(anonymous_11)","decl":{"start":{"line":178,"column":2},"end":{"line":178,"column":3}},"loc":{"start":{"line":178,"column":11},"end":{"line":210,"column":3}}},"12":{"name":"(anonymous_12)","decl":{"start":{"line":192,"column":43},"end":{"line":192,"column":44}},"loc":{"start":{"line":192,"column":60},"end":{"line":196,"column":11}}}},"branchMap":{"0":{"loc":{"start":{"line":154,"column":2226},"end":{"line":154,"column":2255}},"type":"cond-expr","locations":[{"start":{"line":154,"column":2248},"end":{"line":154,"column":2250}},{"start":{"line":154,"column":2253},"end":{"line":154,"column":2255}}]}},"s":{"0":0,"1":0,"2":0,"3":0,"4":0,"5":0,"6":0,"7":0,"8":0,"9":0,"10":0,"11":0,"12":0,"13":0,"14":0,"15":0,"16":0,"17":0,"18":0,"19":0,"20":0,"21":0,"22":0,"23":0,"24":0,"25":0,"26":0,"27":0,"28":0,"29":0,"30":0},"f":{"0":0,"1":0,"2":0,"3":0,"4":0,"5":0,"6":0,"7":0,"8":0,"9":0,"10":0,"11":0,"12":0},"b":{"0":[0,0]}},"/Users/sgottreu/Sites/dungeoneering/dungeon-maker/src/components/CreateParty.js":{"path":"/Users/sgottreu/Sites/dungeoneering/dungeon-maker/src/components/CreateParty.js","statementMap":{"0":{"start":{"line":1,"column":39},"end":{"line":1,"column":101}},"1":{"start":{"line":1,"column":120},"end":{"line":1,"column":201}},"2":{"start":{"line":27,"column":4},"end":{"line":27,"column":17}},"3":{"start":{"line":198,"column":6},"end":{"line":198,"column":85}},"4":{"start":{"line":198,"column":85},"end":{"line":198,"column":144}},"5":{"start":{"line":198,"column":144},"end":{"line":198,"column":203}},"6":{"start":{"line":198,"column":203},"end":{"line":198,"column":252}},"7":{"start":{"line":198,"column":252},"end":{"line":198,"column":311}},"8":{"start":{"line":198,"column":311},"end":{"line":198,"column":368}},"9":{"start":{"line":198,"column":368},"end":{"line":198,"column":423}},"10":{"start":{"line":198,"column":423},"end":{"line":198,"column":480}},"11":{"start":{"line":198,"column":480},"end":{"line":198,"column":521}},"12":{"start":{"line":198,"column":521},"end":{"line":198,"column":748}},"13":{"start":{"line":198,"column":770},"end":{"line":198,"column":823}},"14":{"start":{"line":198,"column":835},"end":{"line":198,"column":839}},"15":{"start":{"line":201,"column":51},"end":{"line":201,"column":61}},"16":{"start":{"line":202,"column":14},"end":{"line":202,"column":83}},"17":{"start":{"line":202,"column":44},"end":{"line":202,"column":81}},"18":{"start":{"line":203,"column":4},"end":{"line":203,"column":84}},"19":{"start":{"line":204,"column":4},"end":{"line":204,"column":98}},"20":{"start":{"line":204,"column":34},"end":{"line":204,"column":95}},"21":{"start":{"line":205,"column":4},"end":{"line":205,"column":64}},"22":{"start":{"line":206,"column":4},"end":{"line":305,"column":107}},"23":{"start":{"line":210,"column":12},"end":{"line":212,"column":148}},"24":{"start":{"line":223,"column":59},"end":{"line":223,"column":105}},"25":{"start":{"line":224,"column":16},"end":{"line":228,"column":387}},"26":{"start":{"line":240,"column":59},"end":{"line":240,"column":108}},"27":{"start":{"line":241,"column":16},"end":{"line":245,"column":352}},"28":{"start":{"line":275,"column":30},"end":{"line":279,"column":16}},"29":{"start":{"line":276,"column":32},"end":{"line":276,"column":81}},"30":{"start":{"line":277,"column":32},"end":{"line":277,"column":84}},"31":{"start":{"line":278,"column":16},"end":{"line":278,"column":47}},"32":{"start":{"line":281,"column":14},"end":{"line":287,"column":15}},"33":{"start":{"line":282,"column":16},"end":{"line":282,"column":29}},"34":{"start":{"line":284,"column":16},"end":{"line":284,"column":79}},"35":{"start":{"line":285,"column":16},"end":{"line":285,"column":36}},"36":{"start":{"line":286,"column":16},"end":{"line":286,"column":100}},"37":{"start":{"line":291,"column":30},"end":{"line":291,"column":95}},"38":{"start":{"line":291,"column":57},"end":{"line":291,"column":93}},"39":{"start":{"line":292,"column":14},"end":{"line":292,"column":101}}},"fnMap":{"0":{"name":"(anonymous_0)","decl":{"start":{"line":26,"column":2},"end":{"line":26,"column":3}},"loc":{"start":{"line":26,"column":21},"end":{"line":198,"column":749}}},"1":{"name":"(anonymous_1)","decl":{"start":{"line":198,"column":749},"end":{"line":198,"column":750}},"loc":{"start":{"line":198,"column":769},"end":{"line":198,"column":1503}}},"2":{"name":"(anonymous_2)","decl":{"start":{"line":200,"column":2},"end":{"line":200,"column":3}},"loc":{"start":{"line":200,"column":11},"end":{"line":309,"column":3}}},"3":{"name":"(anonymous_3)","decl":{"start":{"line":202,"column":33},"end":{"line":202,"column":34}},"loc":{"start":{"line":202,"column":43},"end":{"line":202,"column":82}}},"4":{"name":"(anonymous_4)","decl":{"start":{"line":204,"column":23},"end":{"line":204,"column":24}},"loc":{"start":{"line":204,"column":33},"end":{"line":204,"column":96}}},"5":{"name":"(anonymous_5)","decl":{"start":{"line":209,"column":42},"end":{"line":209,"column":43}},"loc":{"start":{"line":209,"column":60},"end":{"line":214,"column":11}}},"6":{"name":"(anonymous_6)","decl":{"start":{"line":222,"column":43},"end":{"line":222,"column":44}},"loc":{"start":{"line":222,"column":62},"end":{"line":233,"column":15}}},"7":{"name":"(anonymous_7)","decl":{"start":{"line":239,"column":49},"end":{"line":239,"column":50}},"loc":{"start":{"line":239,"column":71},"end":{"line":248,"column":15}}},"8":{"name":"(anonymous_8)","decl":{"start":{"line":274,"column":30},"end":{"line":274,"column":31}},"loc":{"start":{"line":274,"column":47},"end":{"line":289,"column":13}}},"9":{"name":"(anonymous_9)","decl":{"start":{"line":275,"column":49},"end":{"line":275,"column":50}},"loc":{"start":{"line":275,"column":56},"end":{"line":279,"column":15}}},"10":{"name":"(anonymous_10)","decl":{"start":{"line":290,"column":30},"end":{"line":290,"column":31}},"loc":{"start":{"line":290,"column":48},"end":{"line":293,"column":13}}},"11":{"name":"(anonymous_11)","decl":{"start":{"line":291,"column":49},"end":{"line":291,"column":50}},"loc":{"start":{"line":291,"column":56},"end":{"line":291,"column":94}}}},"branchMap":{"0":{"loc":{"start":{"line":203,"column":10},"end":{"line":203,"column":83}},"type":"cond-expr","locations":[{"start":{"line":203,"column":30},"end":{"line":203,"column":77}},{"start":{"line":203,"column":80},"end":{"line":203,"column":83}}]},"1":{"loc":{"start":{"line":276,"column":32},"end":{"line":276,"column":81}},"type":"cond-expr","locations":[{"start":{"line":276,"column":57},"end":{"line":276,"column":65}},{"start":{"line":276,"column":68},"end":{"line":276,"column":81}}]},"2":{"loc":{"start":{"line":277,"column":32},"end":{"line":277,"column":84}},"type":"cond-expr","locations":[{"start":{"line":277,"column":58},"end":{"line":277,"column":67}},{"start":{"line":277,"column":70},"end":{"line":277,"column":84}}]},"3":{"loc":{"start":{"line":281,"column":14},"end":{"line":287,"column":15}},"type":"if","locations":[{"start":{"line":281,"column":14},"end":{"line":287,"column":15}},{"start":{"line":281,"column":14},"end":{"line":287,"column":15}}]}},"s":{"0":0,"1":0,"2":0,"3":0,"4":0,"5":0,"6":0,"7":0,"8":0,"9":0,"10":0,"11":0,"12":0,"13":0,"14":0,"15":0,"16":0,"17":0,"18":0,"19":0,"20":0,"21":0,"22":0,"23":0,"24":0,"25":0,"26":0,"27":0,"28":0,"29":0,"30":0,"31":0,"32":0,"33":0,"34":0,"35":0,"36":0,"37":0,"38":0,"39":0},"f":{"0":0,"1":0,"2":0,"3":0,"4":0,"5":0,"6":0,"7":0,"8":0,"9":0,"10":0,"11":0},"b":{"0":[0,0],"1":[0,0],"2":[0,0],"3":[0,0]}},"/Users/sgottreu/Sites/dungeoneering/dungeon-maker/src/components/Door.js":{"path":"/Users/sgottreu/Sites/dungeoneering/dungeon-maker/src/components/Door.js","statementMap":{"0":{"start":{"line":1,"column":39},"end":{"line":1,"column":101}},"1":{"start":{"line":1,"column":120},"end":{"line":1,"column":194}},"2":{"start":{"line":1,"column":361},"end":{"line":1,"column":415}},"3":{"start":{"line":5,"column":2},"end":{"line":5,"column":15}},"4":{"start":{"line":6,"column":2},"end":{"line":6,"column":59}},"5":{"start":{"line":11,"column":14},"end":{"line":11,"column":38}},"6":{"start":{"line":12,"column":14},"end":{"line":12,"column":38}},"7":{"start":{"line":13,"column":2},"end":{"line":21,"column":3}},"8":{"start":{"line":14,"column":3},"end":{"line":14,"column":18}},"9":{"start":{"line":15,"column":9},"end":{"line":21,"column":3}},"10":{"start":{"line":16,"column":3},"end":{"line":16,"column":19}},"11":{"start":{"line":17,"column":9},"end":{"line":21,"column":3}},"12":{"start":{"line":18,"column":3},"end":{"line":18,"column":20}},"13":{"start":{"line":19,"column":9},"end":{"line":21,"column":3}},"14":{"start":{"line":20,"column":3},"end":{"line":20,"column":17}},"15":{"start":{"line":22,"column":2},"end":{"line":22,"column":13}},"16":{"start":{"line":26,"column":25},"end":{"line":26,"column":40}},"17":{"start":{"line":27,"column":18},"end":{"line":27,"column":25}},"18":{"start":{"line":28,"column":2},"end":{"line":28,"column":51}},"19":{"start":{"line":29,"column":2},"end":{"line":30,"column":214}}},"fnMap":{"0":{"name":"_interopRequireDefault","decl":{"start":{"line":1,"column":332},"end":{"line":1,"column":354}},"loc":{"start":{"line":1,"column":360},"end":{"line":1,"column":416}}},"1":{"name":"(anonymous_1)","decl":{"start":{"line":4,"column":1},"end":{"line":4,"column":2}},"loc":{"start":{"line":4,"column":20},"end":{"line":8,"column":2}}},"2":{"name":"(anonymous_2)","decl":{"start":{"line":10,"column":1},"end":{"line":10,"column":2}},"loc":{"start":{"line":10,"column":32},"end":{"line":23,"column":2}}},"3":{"name":"(anonymous_3)","decl":{"start":{"line":25,"column":1},"end":{"line":25,"column":2}},"loc":{"start":{"line":25,"column":10},"end":{"line":32,"column":2}}}},"branchMap":{"0":{"loc":{"start":{"line":1,"column":368},"end":{"line":1,"column":414}},"type":"cond-expr","locations":[{"start":{"line":1,"column":392},"end":{"line":1,"column":395}},{"start":{"line":1,"column":398},"end":{"line":1,"column":414}}]},"1":{"loc":{"start":{"line":1,"column":368},"end":{"line":1,"column":389}},"type":"binary-expr","locations":[{"start":{"line":1,"column":368},"end":{"line":1,"column":371}},{"start":{"line":1,"column":375},"end":{"line":1,"column":389}}]},"2":{"loc":{"start":{"line":13,"column":2},"end":{"line":21,"column":3}},"type":"if","locations":[{"start":{"line":13,"column":2},"end":{"line":21,"column":3}},{"start":{"line":13,"column":2},"end":{"line":21,"column":3}}]},"3":{"loc":{"start":{"line":15,"column":9},"end":{"line":21,"column":3}},"type":"if","locations":[{"start":{"line":15,"column":9},"end":{"line":21,"column":3}},{"start":{"line":15,"column":9},"end":{"line":21,"column":3}}]},"4":{"loc":{"start":{"line":17,"column":9},"end":{"line":21,"column":3}},"type":"if","locations":[{"start":{"line":17,"column":9},"end":{"line":21,"column":3}},{"start":{"line":17,"column":9},"end":{"line":21,"column":3}}]},"5":{"loc":{"start":{"line":19,"column":9},"end":{"line":21,"column":3}},"type":"if","locations":[{"start":{"line":19,"column":9},"end":{"line":21,"column":3}},{"start":{"line":19,"column":9},"end":{"line":21,"column":3}}]}},"s":{"0":0,"1":0,"2":0,"3":0,"4":0,"5":0,"6":0,"7":0,"8":0,"9":0,"10":0,"11":0,"12":0,"13":0,"14":0,"15":0,"16":0,"17":0,"18":0,"19":0},"f":{"0":0,"1":0,"2":0,"3":0},"b":{"0":[0,0],"1":[0,0],"2":[0,0],"3":[0,0],"4":[0,0],"5":[0,0]}},"/Users/sgottreu/Sites/dungeoneering/dungeon-maker/src/components/DraggableListItem.js":{"path":"/Users/sgottreu/Sites/dungeoneering/dungeon-maker/src/components/DraggableListItem.js","statementMap":{"0":{"start":{"line":1,"column":39},"end":{"line":1,"column":101}},"1":{"start":{"line":1,"column":120},"end":{"line":1,"column":207}},"2":{"start":{"line":5,"column":14},"end":{"line":12,"column":17}},"3":{"start":{"line":15,"column":24},"end":{"line":29,"column":5}},"4":{"start":{"line":17,"column":4},"end":{"line":19,"column":23}},"5":{"start":{"line":24,"column":17},"end":{"line":24,"column":34}},"6":{"start":{"line":25,"column":23},"end":{"line":25,"column":46}},"7":{"start":{"line":26,"column":4},"end":{"line":28,"column":5}},"8":{"start":{"line":27,"column":6},"end":{"line":27,"column":35}},"9":{"start":{"line":32,"column":16},"end":{"line":37,"column":1}},"10":{"start":{"line":33,"column":2},"end":{"line":35,"column":39}},"11":{"start":{"line":41,"column":4},"end":{"line":41,"column":17}},"12":{"start":{"line":42,"column":4},"end":{"line":42,"column":55}},"13":{"start":{"line":54,"column":4},"end":{"line":54,"column":42}},"14":{"start":{"line":58,"column":46},"end":{"line":58,"column":56}},"15":{"start":{"line":59,"column":26},"end":{"line":59,"column":36}},"16":{"start":{"line":60,"column":20},"end":{"line":60,"column":40}},"17":{"start":{"line":62,"column":4},"end":{"line":68,"column":102}}},"fnMap":{"0":{"name":"(anonymous_0)","decl":{"start":{"line":32,"column":16},"end":{"line":32,"column":17}},"loc":{"start":{"line":32,"column":44},"end":{"line":37,"column":1}}},"1":{"name":"(anonymous_1)","decl":{"start":{"line":40,"column":2},"end":{"line":40,"column":3}},"loc":{"start":{"line":40,"column":21},"end":{"line":43,"column":3}}},"2":{"name":"(anonymous_2)","decl":{"start":{"line":53,"column":2},"end":{"line":53,"column":3}},"loc":{"start":{"line":53,"column":21},"end":{"line":55,"column":3}}},"3":{"name":"(anonymous_3)","decl":{"start":{"line":57,"column":2},"end":{"line":57,"column":3}},"loc":{"start":{"line":57,"column":11},"end":{"line":73,"column":3}}}},"branchMap":{"0":{"loc":{"start":{"line":26,"column":4},"end":{"line":28,"column":5}},"type":"if","locations":[{"start":{"line":26,"column":4},"end":{"line":28,"column":5}},{"start":{"line":26,"column":4},"end":{"line":28,"column":5}}]},"1":{"loc":{"start":{"line":60,"column":20},"end":{"line":60,"column":40}},"type":"cond-expr","locations":[{"start":{"line":60,"column":33},"end":{"line":60,"column":36}},{"start":{"line":60,"column":39},"end":{"line":60,"column":40}}]}},"s":{"0":0,"1":0,"2":0,"3":0,"4":0,"5":0,"6":0,"7":0,"8":0,"9":0,"10":0,"11":0,"12":0,"13":0,"14":0,"15":0,"16":0,"17":0},"f":{"0":0,"1":0,"2":0,"3":0},"b":{"0":[0,0],"1":[0,0]}},"/Users/sgottreu/Sites/dungeoneering/dungeon-maker/src/components/DroppableList.js":{"path":"/Users/sgottreu/Sites/dungeoneering/dungeon-maker/src/components/DroppableList.js","statementMap":{"0":{"start":{"line":1,"column":39},"end":{"line":1,"column":101}},"1":{"start":{"line":1,"column":120},"end":{"line":1,"column":203}},"2":{"start":{"line":5,"column":14},"end":{"line":10,"column":28}},"3":{"start":{"line":13,"column":24},"end":{"line":16,"column":5}},"4":{"start":{"line":15,"column":4},"end":{"line":15,"column":37}},"5":{"start":{"line":19,"column":16},"end":{"line":25,"column":1}},"6":{"start":{"line":20,"column":2},"end":{"line":23,"column":33}},"7":{"start":{"line":29,"column":4},"end":{"line":29,"column":17}},"8":{"start":{"line":30,"column":4},"end":{"line":30,"column":55}},"9":{"start":{"line":31,"column":4},"end":{"line":31,"column":55}},"10":{"start":{"line":41,"column":4},"end":{"line":41,"column":42}},"11":{"start":{"line":45,"column":4},"end":{"line":47,"column":134}},"12":{"start":{"line":52,"column":70},"end":{"line":52,"column":80}},"13":{"start":{"line":53,"column":21},"end":{"line":53,"column":38}},"14":{"start":{"line":55,"column":26},"end":{"line":55,"column":32}},"15":{"start":{"line":56,"column":4},"end":{"line":58,"column":5}},"16":{"start":{"line":57,"column":6},"end":{"line":57,"column":31}},"17":{"start":{"line":60,"column":4},"end":{"line":76,"column":14}},"18":{"start":{"line":64,"column":10},"end":{"line":72,"column":97}}},"fnMap":{"0":{"name":"(anonymous_0)","decl":{"start":{"line":19,"column":16},"end":{"line":19,"column":17}},"loc":{"start":{"line":19,"column":44},"end":{"line":25,"column":1}}},"1":{"name":"(anonymous_1)","decl":{"start":{"line":28,"column":2},"end":{"line":28,"column":3}},"loc":{"start":{"line":28,"column":21},"end":{"line":32,"column":3}}},"2":{"name":"(anonymous_2)","decl":{"start":{"line":40,"column":2},"end":{"line":40,"column":3}},"loc":{"start":{"line":40,"column":21},"end":{"line":42,"column":3}}},"3":{"name":"(anonymous_3)","decl":{"start":{"line":44,"column":2},"end":{"line":44,"column":3}},"loc":{"start":{"line":44,"column":28},"end":{"line":49,"column":3}}},"4":{"name":"(anonymous_4)","decl":{"start":{"line":51,"column":2},"end":{"line":51,"column":3}},"loc":{"start":{"line":51,"column":11},"end":{"line":80,"column":3}}},"5":{"name":"(anonymous_5)","decl":{"start":{"line":63,"column":30},"end":{"line":63,"column":31}},"loc":{"start":{"line":63,"column":47},"end":{"line":76,"column":9}}}},"branchMap":{"0":{"loc":{"start":{"line":53,"column":21},"end":{"line":53,"column":38}},"type":"binary-expr","locations":[{"start":{"line":53,"column":21},"end":{"line":53,"column":28}},{"start":{"line":53,"column":32},"end":{"line":53,"column":38}}]},"1":{"loc":{"start":{"line":56,"column":4},"end":{"line":58,"column":5}},"type":"if","locations":[{"start":{"line":56,"column":4},"end":{"line":58,"column":5}},{"start":{"line":56,"column":4},"end":{"line":58,"column":5}}]},"2":{"loc":{"start":{"line":71,"column":16},"end":{"line":71,"column":64}},"type":"cond-expr","locations":[{"start":{"line":71,"column":28},"end":{"line":71,"column":59}},{"start":{"line":71,"column":62},"end":{"line":71,"column":64}}]},"3":{"loc":{"start":{"line":72,"column":16},"end":{"line":72,"column":93}},"type":"cond-expr","locations":[{"start":{"line":72,"column":55},"end":{"line":72,"column":88}},{"start":{"line":72,"column":91},"end":{"line":72,"column":93}}]}},"s":{"0":0,"1":0,"2":0,"3":0,"4":0,"5":0,"6":0,"7":0,"8":0,"9":0,"10":0,"11":0,"12":0,"13":0,"14":0,"15":0,"16":0,"17":0,"18":0},"f":{"0":0,"1":0,"2":0,"3":0,"4":0,"5":0},"b":{"0":[0,0],"1":[0,0],"2":[0,0],"3":[0,0]}},"/Users/sgottreu/Sites/dungeoneering/dungeon-maker/src/components/DungeonGrid.js":{"path":"/Users/sgottreu/Sites/dungeoneering/dungeon-maker/src/components/DungeonGrid.js","statementMap":{"0":{"start":{"line":1,"column":39},"end":{"line":1,"column":101}},"1":{"start":{"line":1,"column":120},"end":{"line":1,"column":201}},"2":{"start":{"line":7,"column":2},"end":{"line":7,"column":15}},"3":{"start":{"line":9,"column":2},"end":{"line":9,"column":55}},"4":{"start":{"line":20,"column":79},"end":{"line":20,"column":89}},"5":{"start":{"line":24,"column":2},"end":{"line":50,"column":9}},"6":{"start":{"line":28,"column":5},"end":{"line":34,"column":6}},"7":{"start":{"line":29,"column":6},"end":{"line":33,"column":52}},"8":{"start":{"line":30,"column":7},"end":{"line":32,"column":8}},"9":{"start":{"line":31,"column":8},"end":{"line":31,"column":21}},"10":{"start":{"line":33,"col
[...]
:{"start":{"line":522,"column":1222},"end":{"line":522,"column":1260}},"type":"if","locations":[{"start":{"line":522,"column":1222},"end":{"line":522,"column":1260}},{"start":{"line":522,"column":1222},"end":{"line":522,"column":1260}}]},"22":{"loc":{"start":{"line":522,"column":1289},"end":{"line":522,"column":1315}},"type":"if","locations":[{"start":{"line":522,"column":1289},"end":{"line":522,"column":1315}},{"start":{"line":522,"column":1289},"end":{"line":522,"column":1315}}]},"23":{"loc":{"start":{"line":522,"column":1602},"end":{"line":523,"column":5}},"type":"if","locations":[{"start":{"line":522,"column":1602},"end":{"line":523,"column":5}},{"start":{"line":522,"column":1602},"end":{"line":523,"column":5}}]},"24":{"loc":{"start":{"line":552,"column":23},"end":{"line":552,"column":62}},"type":"cond-expr","locations":[{"start":{"line":552,"column":50},"end":{"line":552,"column":55}},{"start":{"line":552,"column":58},"end":{"line":552,"column":62}}]},"25":{"loc":{"start":{"line":553,"column":21},"end":{"line":553,"column":60}},"type":"cond-expr","locations":[{"start":{"line":553,"column":48},"end":{"line":553,"column":52}},{"start":{"line":553,"column":55},"end":{"line":553,"column":60}}]},"26":{"loc":{"start":{"line":569,"column":22},"end":{"line":569,"column":54}},"type":"cond-expr","locations":[{"start":{"line":569,"column":42},"end":{"line":569,"column":46}},{"start":{"line":569,"column":49},"end":{"line":569,"column":54}}]},"27":{"loc":{"start":{"line":577,"column":22},"end":{"line":577,"column":57}},"type":"cond-expr","locations":[{"start":{"line":577,"column":45},"end":{"line":577,"column":49}},{"start":{"line":577,"column":52},"end":{"line":577,"column":57}}]},"28":{"loc":{"start":{"line":599,"column":8},"end":{"line":599,"column":66}},"type":"cond-expr","locations":[{"start":{"line":599,"column":38},"end":{"line":599,"column":61}},{"start":{"line":599,"column":64},"end":{"line":599,"column":66}}]}},"s":{"0":0,"1":0,"2":0,"3":0,"4":0,"5":0,"6":0,"7":0,"8":0,"9":0,"10":0,"11":0,"12":0,"13":0,"14":0,"15":0,"16":0,"17":0,"18":0,"19":0,"20":0,"21":0,"22":0,"23":0,"24":0,"25":0,"26":0,"27":0,"28":0,"29":0,"30":0,"31":0,"32":0,"33":0,"34":0,"35":0,"36":0,"37":0,"38":0,"39":0,"40":0,"41":0,"42":0,"43":0,"44":0,"45":0,"46":0,"47":0,"48":0,"49":0,"50":0,"51":0,"52":0,"53":0,"54":0,"55":0,"56":0,"57":0,"58":0,"59":0,"60":0,"61":0,"62":0,"63":0,"64":0,"65":0,"66":0,"67":0,"68":0,"69":0,"70":0,"71":0,"72":0,"73":0,"74":0,"75":0,"76":0,"77":0,"78":0,"79":0,"80":0,"81":0,"82":0,"83":0,"84":0,"85":0,"86":0,"87":0,"88":0,"89":0,"90":0,"91":0,"92":0,"93":0,"94":0,"95":0,"96":0,"97":0,"98":0,"99":0,"100":0,"101":0,"102":0,"103":0,"104":0,"105":0,"106":0,"107":0,"108":0,"109":0,"110":0,"111":0,"112":0,"113":0,"114":0,"115":0,"116":0,"117":0},"f":{"0":0,"1":0,"2":0,"3":0,"4":0,"5":0,"6":0,"7":0,"8":0,"9":0,"10":0,"11":0,"12":0,"13":0,"14":0,"15":0,"16":0,"17":0,"18":0,"19":0,"20":0,"21":0},"b":{"0":[0,0],"1":[0,0],"2":[0,0],"3":[0,0],"4":[0,0],"5":[0,0],"6":[0,0],"7":[0,0],"8":[0,0],"9":[0,0],"10":[0,0],"11":[0,0],"12":[0,0],"13":[0,0],"14":[0,0],"15":[0,0],"16":[0,0],"17":[0,0],"18":[0,0],"19":[0,0],"20":[0,0],"21":[0,0],"22":[0,0],"23":[0,0],"24":[0,0],"25":[0,0],"26":[0,0],"27":[0,0],"28":[0,0]}},"/Users/sgottreu/Sites/dungeoneering/dungeon-maker/src/components/Slots.js":{"path":"/Users/sgottreu/Sites/dungeoneering/dungeon-maker/src/components/Slots.js","statementMap":{"0":{"start":{"line":1,"column":39},"end":{"line":1,"column":101}},"1":{"start":{"line":1,"column":113},"end":{"line":1,"column":115}},"2":{"start":{"line":3,"column":0},"end":{"line":5,"column":1}},"3":{"start":{"line":4,"column":2},"end":{"line":4,"column":103}},"4":{"start":{"line":7,"column":12},"end":{"line":7,"column":17}}},"fnMap":{},"branchMap":{},"s":{"0":0,"1":0,"2":0,"3":0,"4":0},"f":{},"b":{}},"/Users/sgottreu/Sites/dungeoneering/dungeon-maker/src/components/TabbedApp.js":{"path":"/Users/sgottreu/Sites/dungeoneering/dungeon-maker/src/components/TabbedApp.js","statementMap":{"0":{"start":{"line":1,"column":39},"end":{"line":1,"column":101}},"1":{"start":{"line":1,"column":120},"end":{"line":1,"column":199}},"2":{"start":{"line":17,"column":4},"end":{"line":17,"column":17}},"3":{"start":{"line":45,"column":6},"end":{"line":45,"column":55}},"4":{"start":{"line":45,"column":55},"end":{"line":45,"column":112}},"5":{"start":{"line":45,"column":112},"end":{"line":45,"column":169}},"6":{"start":{"line":45,"column":169},"end":{"line":45,"column":222}},"7":{"start":{"line":45,"column":222},"end":{"line":45,"column":285}},"8":{"start":{"line":45,"column":285},"end":{"line":45,"column":336}},"9":{"start":{"line":45,"column":336},"end":{"line":45,"column":387}},"10":{"start":{"line":45,"column":387},"end":{"line":45,"column":436}},"11":{"start":{"line":45,"column":436},"end":{"line":45,"column":497}},"12":{"start":{"line":48,"column":4},"end":{"line":50,"column":5}},"13":{"start":{"line":49,"column":6},"end":{"line":49,"column":257}},"14":{"start":{"line":51,"column":4},"end":{"line":51,"column":17}},"15":{"start":{"line":55,"column":4},"end":{"line":57,"column":5}},"16":{"start":{"line":56,"column":6},"end":{"line":56,"column":257}},"17":{"start":{"line":58,"column":4},"end":{"line":58,"column":17}},"18":{"start":{"line":62,"column":4},"end":{"line":64,"column":5}},"19":{"start":{"line":63,"column":6},"end":{"line":63,"column":255}},"20":{"start":{"line":65,"column":4},"end":{"line":65,"column":17}},"21":{"start":{"line":69,"column":4},"end":{"line":71,"column":5}},"22":{"start":{"line":70,"column":6},"end":{"line":70,"column":260}},"23":{"start":{"line":72,"column":4},"end":{"line":72,"column":17}},"24":{"start":{"line":75,"column":4},"end":{"line":77,"column":5}},"25":{"start":{"line":76,"column":6},"end":{"line":76,"column":254}},"26":{"start":{"line":78,"column":4},"end":{"line":78,"column":17}},"27":{"start":{"line":81,"column":4},"end":{"line":83,"column":5}},"28":{"start":{"line":82,"column":6},"end":{"line":82,"column":254}},"29":{"start":{"line":84,"column":4},"end":{"line":84,"column":17}},"30":{"start":{"line":88,"column":4},"end":{"line":104,"column":242}}},"fnMap":{"0":{"name":"(anonymous_0)","decl":{"start":{"line":16,"column":2},"end":{"line":16,"column":3}},"loc":{"start":{"line":16,"column":21},"end":{"line":45,"column":498}}},"1":{"name":"(anonymous_1)","decl":{"start":{"line":47,"column":2},"end":{"line":47,"column":3}},"loc":{"start":{"line":47,"column":21},"end":{"line":52,"column":3}}},"2":{"name":"(anonymous_2)","decl":{"start":{"line":54,"column":2},"end":{"line":54,"column":3}},"loc":{"start":{"line":54,"column":21},"end":{"line":59,"column":3}}},"3":{"name":"(anonymous_3)","decl":{"start":{"line":61,"column":2},"end":{"line":61,"column":3}},"loc":{"start":{"line":61,"column":19},"end":{"line":66,"column":3}}},"4":{"name":"(anonymous_4)","decl":{"start":{"line":68,"column":2},"end":{"line":68,"column":3}},"loc":{"start":{"line":68,"column":24},"end":{"line":73,"column":3}}},"5":{"name":"(anonymous_5)","decl":{"start":{"line":74,"column":2},"end":{"line":74,"column":3}},"loc":{"start":{"line":74,"column":18},"end":{"line":79,"column":3}}},"6":{"name":"(anonymous_6)","decl":{"start":{"line":80,"column":2},"end":{"line":80,"column":3}},"loc":{"start":{"line":80,"column":18},"end":{"line":85,"column":3}}},"7":{"name":"(anonymous_7)","decl":{"start":{"line":87,"column":2},"end":{"line":87,"column":3}},"loc":{"start":{"line":87,"column":11},"end":{"line":132,"column":3}}}},"branchMap":{"0":{"loc":{"start":{"line":48,"column":4},"end":{"line":50,"column":5}},"type":"if","locations":[{"start":{"line":48,"column":4},"end":{"line":50,"column":5}},{"start":{"line":48,"column":4},"end":{"line":50,"column":5}}]},"1":{"loc":{"start":{"line":55,"column":4},"end":{"line":57,"column":5}},"type":"if","locations":[{"start":{"line":55,"column":4},"end":{"line":57,"column":5}},{"start":{"line":55,"column":4},"end":{"line":57,"column":5}}]},"2":{"loc":{"start":{"line":62,"column":4},"end":{"line":64,"column":5}},"type":"if","locations":[{"start":{"line":62,"column":4},"end":{"line":64,"column":5}},{"start":{"line":62,"column":4},"end":{"line":64,"column":5}}]},"3":{"loc":{"start":{"line":69,"column":4},"end":{"line":71,"column":5}},"type":"if","locations":[{"start":{"line":69,"column":4},"end":{"line":71,"column":5}},{"start":{"line":69,"column":4},"end":{"line":71,"column":5}}]},"4":{"loc":{"start":{"line":75,"column":4},"end":{"line":77,"column":5}},"type":"if","locations":[{"start":{"line":75,"column":4},"end":{"line":77,"column":5}},{"start":{"line":75,"column":4},"end":{"line":77,"column":5}}]},"5":{"loc":{"start":{"line":81,"column":4},"end":{"line":83,"column":5}},"type":"if","locations":[{"start":{"line":81,"column":4},"end":{"line":83,"column":5}},{"start":{"line":81,"column":4},"end":{"line":83,"column":5}}]},"6":{"loc":{"start":{"line":96,"column":40},"end":{"line":96,"column":81}},"type":"cond-expr","locations":[{"start":{"line":96,"column":64},"end":{"line":96,"column":72}},{"start":{"line":96,"column":75},"end":{"line":96,"column":81}}]}},"s":{"0":0,"1":0,"2":0,"3":0,"4":0,"5":0,"6":0,"7":0,"8":0,"9":0,"10":0,"11":0,"12":0,"13":0,"14":0,"15":0,"16":0,"17":0,"18":0,"19":0,"20":0,"21":0,"22":0,"23":0,"24":0,"25":0,"26":0,"27":0,"28":0,"29":0,"30":0},"f":{"0":0,"1":0,"2":0,"3":0,"4":0,"5":0,"6":0,"7":0},"b":{"0":[0,0],"1":[0,0],"2":[0,0],"3":[0,0],"4":[0,0],"5":[0,0],"6":[0,0]}},"/Users/sgottreu/Sites/dungeoneering/dungeon-maker/src/components/Tile.js":{"path":"/Users/sgottreu/Sites/dungeoneering/dungeon-maker/src/components/Tile.js","statementMap":{"0":{"start":{"line":1,"column":39},"end":{"line":1,"column":101}},"1":{"start":{"line":1,"column":120},"end":{"line":1,"column":194}},"2":{"start":{"line":8,"column":37},"end":{"line":8,"column":47}},"3":{"start":{"line":9,"column":20},"end":{"line":9,"column":40}},"4":{"start":{"line":10,"column":16},"end":{"line":12,"column":69}},"5":{"start":{"line":15,"column":4},"end":{"line":16,"column":269}}},"fnMap":{"0":{"name":"(anonymous_0)","decl":{"start":{"line":7,"column":2},"end":{"line":7,"column":3}},"loc":{"start":{"line":7,"column":11},"end":{"line":18,"column":3}}}},"branchMap":{"0":{"loc":{"start":{"line":11,"column":19},"end":{"line":11,"column":64}},"type":"cond-expr","locations":[{"start":{"line":11,"column":45},"end":{"line":11,"column":46}},{"start":{"line":11,"column":49},"end":{"line":11,"column":64}}]},"1":{"loc":{"start":{"line":12,"column":20},"end":{"line":12,"column":66}},"type":"cond-expr","locations":[{"start":{"line":12,"column":46},"end":{"line":12,"column":47}},{"start":{"line":12,"column":50},"end":{"line":12,"column":66}}]}},"s":{"0":0,"1":0,"2":0,"3":0,"4":0,"5":0},"f":{"0":0},"b":{"0":[0,0],"1":[0,0]}},"/Users/sgottreu/Sites/dungeoneering/dungeon-maker/src/components/TileDrawer.js":{"path":"/Users/sgottreu/Sites/dungeoneering/dungeon-maker/src/components/TileDrawer.js","statementMap":{"0":{"start":{"line":1,"column":39},"end":{"line":1,"column":101}},"1":{"start":{"line":1,"column":120},"end":{"line":1,"column":200}},"2":{"start":{"line":10,"column":4},"end":{"line":10,"column":17}},"3":{"start":{"line":34,"column":55},"end":{"line":34,"column":104}},"4":{"start":{"line":34,"column":104},"end":{"line":34,"column":151}},"5":{"start":{"line":34,"column":151},"end":{"line":34,"column":202}},"6":{"start":{"line":34,"column":202},"end":{"line":34,"column":231}},"7":{"start":{"line":34,"column":253},"end":{"line":34,"column":306}},"8":{"start":{"line":37,"column":41},"end":{"line":37,"column":51}},"9":{"start":{"line":38,"column":4},"end":{"line":52,"column":326}},"10":{"start":{"line":50,"column":37},"end":{"line":50,"column":60}}},"fnMap":{"0":{"name":"(anonymous_0)","decl":{"start":{"line":9,"column":2},"end":{"line":9,"column":3}},"loc":{"start":{"line":9,"column":21},"end":{"line":34,"column":232}}},"1":{"name":"(anonymous_1)","decl":{"start":{"line":34,"column":232},"end":{"line":34,"column":233}},"loc":{"start":{"line":34,"column":252},"end":{"line":34,"column":307}}},"2":{"name":"(anonymous_2)","decl":{"start":{"line":36,"column":2},"end":{"line":36,"column":3}},"loc":{"start":{"line":36,"column":11},"end":{"line":56,"column":3}}},"3":{"name":"(anonymous_3)","decl":{"start":{"line":50,"column":29},"end":{"line":50,"column":30}},"loc":{"start":{"line":50,"column":37},"end":{"line":50,"column":60}}}},"branchMap":{},"s":{"0":0,"1":0,"2":0,"3":0,"4":0,"5":0,"6":0,"7":0,"8":0,"9":0,"10":0},"f":{"0":0,"1":0,"2":0,"3":0},"b":{}},"/Users/sgottreu/Sites/dungeoneering/dungeon-maker/src/components/TileOptions.js":{"path":"/Users/sgottreu/Sites/dungeoneering/dungeon-maker/src/components/TileOptions.js","statementMap":{"0":{"start":{"line":1,"column":39},"end":{"line":1,"column":101}},"1":{"start":{"line":1,"column":119},"end":{"line":15,"column":90}}},"fnMap":{},"branchMap":{},"s":{"0":0,"1":0},"f":{},"b":{}},"/Users/sgottreu/Sites/dungeoneering/dungeon-maker/src/components/TilePool.js":{"path":"/Users/sgottreu/Sites/dungeoneering/dungeon-maker/src/components/TilePool.js","statementMap":{"0":{"start":{"line":1,"column":39},"end":{"line":1,"column":101}},"1":{"start":{"line":1,"column":120},"end":{"line":1,"column":198}},"2":{"start":{"line":9,"column":48},"end":{"line":9,"column":58}},"3":{"start":{"line":10,"column":4},"end":{"line":22,"column":13}},"4":{"start":{"line":13,"column":22},"end":{"line":15,"column":75}},"5":{"start":{"line":17,"column":10},"end":{"line":19,"column":299}}},"fnMap":{"0":{"name":"(anonymous_0)","decl":{"start":{"line":8,"column":2},"end":{"line":8,"column":3}},"loc":{"start":{"line":8,"column":11},"end":{"line":25,"column":3}}},"1":{"name":"(anonymous_1)","decl":{"start":{"line":12,"column":18},"end":{"line":12,"column":19}},"loc":{"start":{"line":12,"column":35},"end":{"line":22,"column":9}}}},"branchMap":{"0":{"loc":{"start":{"line":14,"column":25},"end":{"line":14,"column":70}},"type":"cond-expr","locations":[{"start":{"line":14,"column":51},"end":{"line":14,"column":52}},{"start":{"line":14,"column":55},"end":{"line":14,"column":70}}]},"1":{"loc":{"start":{"line":15,"column":26},"end":{"line":15,"column":72}},"type":"cond-expr","locations":[{"start":{"line":15,"column":52},"end":{"line":15,"column":53}},{"start":{"line":15,"column":56},"end":{"line":15,"column":72}}]},"2":{"loc":{"start":{"line":18,"column":198},"end":{"line":18,"column":230}},"type":"cond-expr","locations":[{"start":{"line":18,"column":225},"end":{"line":18,"column":226}},{"start":{"line":18,"column":229},"end":{"line":18,"column":230}}]}},"s":{"0":0,"1":0,"2":0,"3":0,"4":0,"5":0},"f":{"0":0,"1":0},"b":{"0":[0,0],"1":[0,0],"2":[0,0]}},"/Users/sgottreu/Sites/dungeoneering/dungeon-maker/src/components/Weapons.js":{"path":"/Users/sgottreu/Sites/dungeoneering/dungeon-maker/src/components/Weapons.js","statementMap":{"0":{"start":{"line":1,"column":39},"end":{"line":1,"column":101}},"1":{"start":{"line":1,"column":101},"end":{"line":1,"column":206}},"2":{"start":{"line":5,"column":47},"end":{"line":14,"column":12}},"3":{"start":{"line":17,"column":43},"end":{"line":28,"column":1}},"4":{"start":{"line":30,"column":44},"end":{"line":39,"column":1}},"5":{"start":{"line":41,"column":49},"end":{"line":46,"column":1}},"6":{"start":{"line":42,"column":39},"end":{"line":42,"column":105}},"7":{"start":{"line":43,"column":18},"end":{"line":43,"column":39}},"8":{"start":{"line":45,"column":2},"end":{"line":45,"column":19}}},"fnMap":{"0":{"name":"(anonymous_0)","decl":{"start":{"line":17,"column":64},"end":{"line":17,"column":65}},"loc":{"start":{"line":17,"column":81},"end":{"line":28,"column":1}}},"1":{"name":"(anonymous_1)","decl":{"start":{"line":30,"column":66},"end":{"line":30,"column":67}},"loc":{"start":{"line":30,"column":75},"end":{"line":39,"column":1}}},"2":{"name":"(anonymous_2)","decl":{"start":{"line":41,"column":76},"end":{"line":41,"column":77}},"loc":{"start":{"line":41,"column":104},"end":{"line":46,"column":1}}}},"branchMap":{},"s":{"0":0,"1":0,"2":0,"3":0,"4":0,"5":0,"6":0,"7":0,"8":0},"f":{"0":0,"1":0,"2":0},"b":{}},"/Users/sgottreu/Sites/dungeoneering/dungeon-maker/src/components/WeaponTooltip.js":{"path":"/Users/sgottreu/Sites/dungeoneering/dungeon-maker/src/components/WeaponTooltip.js","statementMap":{"0":{"start":{"line":1,"column":39},"end":{"line":1,"column":101}},"1":{"start":{"line":1,"column":120},"end":{"line":1,"column":203}},"2":{"start":{"line":10,"column":4},"end":{"line":10,"column":17}},"3":{"start":{"line":54,"column":6},"end":{"line":54,"column":47}},"4":{"start":{"line":57,"column":23},"end":{"line":57,"column":33}},"5":{"start":{"line":59,"column":4},"end":{"line":61,"column":5}},"6":{"start":{"line":60,"column":6},"end":{"line":60,"column":19}},"7":{"start":{"line":62,"column":17},"end":{"line":62,"column":29}},"8":{"start":{"line":63,"column":16},"end":{"line":63,"column":32}},"9":{"start":{"line":64,"column":20},"end":{"line":64,"column":71}},"10":{"start":{"line":66,"column":16},"end":{"line":66,"column":96}},"11":{"start":{"line":67,"column":4},"end":{"line":69,"column":32}}},"fnMap":{"0":{"name":"(anonymous_0)","decl":{"start":{"line":9,"column":2},"end":{"line":9,"column":3}},"loc":{"start":{"line":9,"column":21},"end":{"line":54,"column":48}}},"1":{"name":"(anonymous_1)","decl":{"start":{"line":56,"column":2},"end":{"line":56,"column":3}},"loc":{"start":{"line":56,"column":11},"end":{"line":73,"column":3}}}},"branchMap":{"0":{"loc":{"start":{"line":59,"column":4},"end":{"line":61,"column":5}},"type":"if","locations":[{"start":{"line":59,"column":4},"end":{"line":61,"column":5}},{"start":{"line":59,"column":4},"end":{"line":61,"column":5}}]},"1":{"loc":{"start":{"line":64,"column":39},"end":{"line":64,"column":70}},"type":"cond-expr","locations":[{"start":{"line":64,"column":58},"end":{"line":64,"column":65}},{"start":{"line":64,"column":68},"end":{"line":64,"column":70}}]},"2":{"loc":{"start":{"line":66,"column":16},"end":{"line":66,"column":96}},"type":"cond-expr","locations":[{"start":{"line":66,"column":24},"end":{"line":66,"column":91}},{"start":{"line":66,"column":94},"end":{"line":66,"column":96}}]}},"s":{"0":0,"1":0,"2":0,"3":0,"4":0,"5":0,"6":0,"7":0,"8":0,"9":0,"10":0,"11":0},"f":{"0":0,"1":0},"b":{"0":[0,0],"1":[0,0],"2":[0,0]}},"/Users/sgottreu/Sites/dungeoneering/dungeon-maker/src/index.js":{"path":"/Users/sgottreu/Sites/dungeoneering/dungeon-maker/src/index.js","statementMap":{"0":{"start":{"line":1,"column":58},"end":{"line":1,"column":122}}},"fnMap":{},"branchMap":{},"s":{"0":0},"f":{},"b":{}},"/Users/sgottreu/Sites/dungeoneering/dungeon-maker/src/reducers/index.js":{"path":"/Users/sgottreu/Sites/dungeoneering/dungeon-maker/src/reducers/index.js","statementMap":{"0":{"start":{"line":1,"column":39},"end":{"line":1,"column":101}},"1":{"start":{"line":4,"column":201},"end":{"line":4,"column":255}},"2":{"start":{"line":7,"column":41},"end":{"line":8,"column":69}}},"fnMap":{"0":{"name":"_interopRequireDefault","decl":{"start":{"line":4,"column":172},"end":{"line":4,"column":194}},"loc":{"start":{"line":4,"column":200},"end":{"line":4,"column":256}}}},"branchMap":{"0":{"loc":{"start":{"line":4,"column":208},"end":{"line":4,"column":254}},"type":"cond-expr","locations":[{"start":{"line":4,"column":232},"end":{"line":4,"column":235}},{"start":{"line":4,"column":238},"end":{"line":4,"column":254}}]},"1":{"loc":{"start":{"line":4,"column":208},"end":{"line":4,"column":229}},"type":"binary-expr","locations":[{"start":{"line":4,"column":208},"end":{"line":4,"column":211}},{"start":{"line":4,"column":215},"end":{"line":4,"column":229}}]}},"s":{"0":0,"1":0,"2":0},"f":{"0":0},"b":{"0":[0,0],"1":[0,0]}},"/Users/sgottreu/Sites/dungeoneering/dungeon-maker/src/store.js":{"path":"/Users/sgottreu/Sites/dungeoneering/dungeon-maker/src/store.js","statementMap":{"0":{"start":{"line":1,"column":39},"end":{"line":1,"column":101}},"1":{"start":{"line":6,"column":40},"end":{"line":8,"column":102}}},"fnMap":{},"branchMap":{},"s":{"0":0,"1":0},"f":{},"b":{}}}}